<?xml version="1.0" encoding="UTF-8"?>
<testsuite xmlns:xsi="http://www.w3.org/2001/XMLSchema-instance" xsi:noNamespaceSchemaLocation="https://maven.apache.org/surefire/maven-surefire-plugin/xsd/surefire-test-report-3.0.xsd" version="3.0" name="Esprit Case Study" time="10.064" tests="1" errors="0" skipped="0" failures="0">
  <properties>
    <property name="java.specification.version" value="17"/>
    <property name="webdriver.chrome.driver" value="/home/ravi-muktavarapu/.cache/selenium/chromedriver/linux64/104.0.5112.79/chromedriver"/>
    <property name="sun.jnu.encoding" value="UTF-8"/>
    <property name="java.class.path" value="/home/ravi-muktavarapu/Desktop/Project_backup/EspritCaseStudy/target/test-classes:/home/ravi-muktavarapu/Desktop/Project_backup/EspritCaseStudy/target/classes:/home/ravi-muktavarapu/.m2/repository/org/slf4j/slf4j-simple/2.0.0/slf4j-simple-2.0.0.jar:/home/ravi-muktavarapu/.m2/repository/tech/grasshopper/extentreports-cucumber7-adapter/1.7.0/extentreports-cucumber7-adapter-1.7.0.jar:/home/ravi-muktavarapu/.m2/repository/com/aventstack/extentreports/5.0.9/extentreports-5.0.9.jar:/home/ravi-muktavarapu/.m2/repository/io/reactivex/rxjava3/rxjava/3.0.4/rxjava-3.0.4.jar:/home/ravi-muktavarapu/.m2/repository/org/reactivestreams/reactive-streams/1.0.3/reactive-streams-1.0.3.jar:/home/ravi-muktavarapu/.m2/repository/org/freemarker/freemarker/2.3.30/freemarker-2.3.30.jar:/home/ravi-muktavarapu/.m2/repository/tech/grasshopper/extent-pdf-report/2.7.0/extent-pdf-report-2.7.0.jar:/home/ravi-muktavarapu/.m2/repository/tech/grasshopper/cucumber-pdf-report/2.10.0/cucumber-pdf-report-2.10.0.jar:/home/ravi-muktavarapu/.m2/repository/org/apache/pdfbox/pdfbox/2.0.26/pdfbox-2.0.26.jar:/home/ravi-muktavarapu/.m2/repository/org/apache/pdfbox/fontbox/2.0.26/fontbox-2.0.26.jar:/home/ravi-muktavarapu/.m2/repository/org/knowm/xchart/xchart/3.8.0/xchart-3.8.0.jar:/home/ravi-muktavarapu/.m2/repository/de/erichseifert/vectorgraphics2d/VectorGraphics2D/0.13/VectorGraphics2D-0.13.jar:/home/ravi-muktavarapu/.m2/repository/de/rototor/pdfbox/graphics2d/0.30/graphics2d-0.30.jar:/home/ravi-muktavarapu/.m2/repository/com/madgag/animated-gif-lib/1.4/animated-gif-lib-1.4.jar:/home/ravi-muktavarapu/.m2/repository/org/yaml/snakeyaml/1.28/snakeyaml-1.28.jar:/home/ravi-muktavarapu/.m2/repository/tech/grasshopper/table-layout/1.5.1/table-layout-1.5.1.jar:/home/ravi-muktavarapu/.m2/repository/tech/grasshopper/rest-assured-cucumber-pdf-report/1.4.1/rest-assured-cucumber-pdf-report-1.4.1.jar:/home/ravi-muktavarapu/.m2/repository/com/aventstack/klov-reporter/5.0.9/klov-reporter-5.0.9.jar:/home/ravi-muktavarapu/.m2/repository/org/mongodb/mongodb-driver/3.6.4/mongodb-driver-3.6.4.jar:/home/ravi-muktavarapu/.m2/repository/org/mongodb/mongodb-driver-core/3.6.4/mongodb-driver-core-3.6.4.jar:/home/ravi-muktavarapu/.m2/repository/org/mongodb/bson/3.6.4/bson-3.6.4.jar:/home/ravi-muktavarapu/.m2/repository/tech/grasshopper/htmlextentreporter/1.0.1/htmlextentreporter-1.0.1.jar:/home/ravi-muktavarapu/.m2/repository/javax/mail/javax.mail-api/1.6.2/javax.mail-api-1.6.2.jar:/home/ravi-muktavarapu/.m2/repository/com/google/guava/guava/31.1-jre/guava-31.1-jre.jar:/home/ravi-muktavarapu/.m2/repository/com/google/guava/failureaccess/1.0.1/failureaccess-1.0.1.jar:/home/ravi-muktavarapu/.m2/repository/com/google/guava/listenablefuture/9999.0-empty-to-avoid-conflict-with-guava/listenablefuture-9999.0-empty-to-avoid-conflict-with-guava.jar:/home/ravi-muktavarapu/.m2/repository/com/google/code/findbugs/jsr305/3.0.2/jsr305-3.0.2.jar:/home/ravi-muktavarapu/.m2/repository/org/checkerframework/checker-qual/3.12.0/checker-qual-3.12.0.jar:/home/ravi-muktavarapu/.m2/repository/com/google/errorprone/error_prone_annotations/2.11.0/error_prone_annotations-2.11.0.jar:/home/ravi-muktavarapu/.m2/repository/com/google/j2objc/j2objc-annotations/1.3/j2objc-annotations-1.3.jar:/home/ravi-muktavarapu/.m2/repository/org/seleniumhq/selenium/selenium-java/4.4.0/selenium-java-4.4.0.jar:/home/ravi-muktavarapu/.m2/repository/org/seleniumhq/selenium/selenium-api/4.4.0/selenium-api-4.4.0.jar:/home/ravi-muktavarapu/.m2/repository/org/seleniumhq/selenium/selenium-chrome-driver/4.4.0/selenium-chrome-driver-4.4.0.jar:/home/ravi-muktavarapu/.m2/repository/com/google/auto/service/auto-service-annotations/1.0.1/auto-service-annotations-1.0.1.jar:/home/ravi-muktavarapu/.m2/repository/com/google/auto/service/auto-service/1.0.1/auto-service-1.0.1.jar:/home/ravi-muktavarapu/.m2/repository/com/google/auto/auto-common/1.2/auto-common-1.2.jar:/home/ravi-muktavarapu/.m2/repository/org/seleniumhq/selenium/selenium-chromium-driver/4.4.0/selenium-chromium-driver-4.4.0.jar:/home/ravi-muktavarapu/.m2/repository/org/seleniumhq/selenium/selenium-json/4.4.0/selenium-json-4.4.0.jar:/home/ravi-muktavarapu/.m2/repository/org/seleniumhq/selenium/selenium-devtools-v102/4.4.0/selenium-devtools-v102-4.4.0.jar:/home/ravi-muktavarapu/.m2/repository/org/seleniumhq/selenium/selenium-devtools-v103/4.4.0/selenium-devtools-v103-4.4.0.jar:/home/ravi-muktavarapu/.m2/repository/org/seleniumhq/selenium/selenium-devtools-v104/4.4.0/selenium-devtools-v104-4.4.0.jar:/home/ravi-muktavarapu/.m2/repository/org/seleniumhq/selenium/selenium-devtools-v85/4.4.0/selenium-devtools-v85-4.4.0.jar:/home/ravi-muktavarapu/.m2/repository/org/seleniumhq/selenium/selenium-edge-driver/4.4.0/selenium-edge-driver-4.4.0.jar:/home/ravi-muktavarapu/.m2/repository/org/seleniumhq/selenium/selenium-firefox-driver/4.4.0/selenium-firefox-driver-4.4.0.jar:/home/ravi-muktavarapu/.m2/repository/org/seleniumhq/selenium/selenium-ie-driver/4.4.0/selenium-ie-driver-4.4.0.jar:/home/ravi-muktavarapu/.m2/repository/org/seleniumhq/selenium/selenium-opera-driver/4.4.0/selenium-opera-driver-4.4.0.jar:/home/ravi-muktavarapu/.m2/repository/org/seleniumhq/selenium/selenium-remote-driver/4.4.0/selenium-remote-driver-4.4.0.jar:/home/ravi-muktavarapu/.m2/repository/com/beust/jcommander/1.82/jcommander-1.82.jar:/home/ravi-muktavarapu/.m2/repository/io/netty/netty-buffer/4.1.78.Final/netty-buffer-4.1.78.Final.jar:/home/ravi-muktavarapu/.m2/repository/io/netty/netty-codec-http/4.1.78.Final/netty-codec-http-4.1.78.Final.jar:/home/ravi-muktavarapu/.m2/repository/io/netty/netty-codec/4.1.78.Final/netty-codec-4.1.78.Final.jar:/home/ravi-muktavarapu/.m2/repository/io/netty/netty-handler/4.1.78.Final/netty-handler-4.1.78.Final.jar:/home/ravi-muktavarapu/.m2/repository/io/netty/netty-common/4.1.78.Final/netty-common-4.1.78.Final.jar:/home/ravi-muktavarapu/.m2/repository/io/netty/netty-transport-classes-epoll/4.1.78.Final/netty-transport-classes-epoll-4.1.78.Final.jar:/home/ravi-muktavarapu/.m2/repository/io/netty/netty-transport-classes-kqueue/4.1.78.Final/netty-transport-classes-kqueue-4.1.78.Final.jar:/home/ravi-muktavarapu/.m2/repository/io/netty/netty-transport-native-epoll/4.1.78.Final/netty-transport-native-epoll-4.1.78.Final.jar:/home/ravi-muktavarapu/.m2/repository/io/netty/netty-transport-native-kqueue/4.1.78.Final/netty-transport-native-kqueue-4.1.78.Final.jar:/home/ravi-muktavarapu/.m2/repository/io/netty/netty-transport-native-unix-common/4.1.78.Final/netty-transport-native-unix-common-4.1.78.Final.jar:/home/ravi-muktavarapu/.m2/repository/io/netty/netty-transport/4.1.78.Final/netty-transport-4.1.78.Final.jar:/home/ravi-muktavarapu/.m2/repository/io/netty/netty-resolver/4.1.78.Final/netty-resolver-4.1.78.Final.jar:/home/ravi-muktavarapu/.m2/repository/io/opentelemetry/opentelemetry-api/1.16.0/opentelemetry-api-1.16.0.jar:/home/ravi-muktavarapu/.m2/repository/io/opentelemetry/opentelemetry-context/1.16.0/opentelemetry-context-1.16.0.jar:/home/ravi-muktavarapu/.m2/repository/io/opentelemetry/opentelemetry-exporter-logging/1.16.0/opentelemetry-exporter-logging-1.16.0.jar:/home/ravi-muktavarapu/.m2/repository/io/opentelemetry/opentelemetry-sdk-metrics/1.16.0/opentelemetry-sdk-metrics-1.16.0.jar:/home/ravi-muktavarapu/.m2/repository/io/opentelemetry/opentelemetry-sdk-logs/1.16.0-alpha/opentelemetry-sdk-logs-1.16.0-alpha.jar:/home/ravi-muktavarapu/.m2/repository/io/opentelemetry/opentelemetry-sdk-common/1.16.0/opentelemetry-sdk-common-1.16.0.jar:/home/ravi-muktavarapu/.m2/repository/io/opentelemetry/opentelemetry-sdk-extension-autoconfigure-spi/1.16.0/opentelemetry-sdk-extension-autoconfigure-spi-1.16.0.jar:/home/ravi-muktavarapu/.m2/repository/io/opentelemetry/opentelemetry-sdk-extension-autoconfigure/1.16.0-alpha/opentelemetry-sdk-extension-autoconfigure-1.16.0-alpha.jar:/home/ravi-muktavarapu/.m2/repository/io/opentelemetry/opentelemetry-sdk-trace/1.16.0/opentelemetry-sdk-trace-1.16.0.jar:/home/ravi-muktavarapu/.m2/repository/io/opentelemetry/opentelemetry-sdk/1.16.0/opentelemetry-sdk-1.16.0.jar:/home/ravi-muktavarapu/.m2/repository/io/opentelemetry/opentelemetry-semconv/1.16.0-alpha/opentelemetry-semconv-1.16.0-alpha.jar:/home/ravi-muktavarapu/.m2/repository/io/ous/jtoml/2.0.0/jtoml-2.0.0.jar:/home/ravi-muktavarapu/.m2/repository/net/bytebuddy/byte-buddy/1.12.10/byte-buddy-1.12.10.jar:/home/ravi-muktavarapu/.m2/repository/org/apache/commons/commons-exec/1.3/commons-exec-1.3.jar:/home/ravi-muktavarapu/.m2/repository/org/asynchttpclient/async-http-client/2.12.3/async-http-client-2.12.3.jar:/home/ravi-muktavarapu/.m2/repository/org/asynchttpclient/async-http-client-netty-utils/2.12.3/async-http-client-netty-utils-2.12.3.jar:/home/ravi-muktavarapu/.m2/repository/io/netty/netty-codec-socks/4.1.60.Final/netty-codec-socks-4.1.60.Final.jar:/home/ravi-muktavarapu/.m2/repository/io/netty/netty-handler-proxy/4.1.60.Final/netty-handler-proxy-4.1.60.Final.jar:/home/ravi-muktavarapu/.m2/repository/io/netty/netty-transport-native-epoll/4.1.60.Final/netty-transport-native-epoll-4.1.60.Final-linux-x86_64.jar:/home/ravi-muktavarapu/.m2/repository/io/netty/netty-transport-native-kqueue/4.1.60.Final/netty-transport-native-kqueue-4.1.60.Final-osx-x86_64.jar:/home/ravi-muktavarapu/.m2/repository/com/typesafe/netty/netty-reactive-streams/2.0.4/netty-reactive-streams-2.0.4.jar:/home/ravi-muktavarapu/.m2/repository/com/sun/activation/jakarta.activation/1.2.2/jakarta.activation-1.2.2.jar:/home/ravi-muktavarapu/.m2/repository/org/seleniumhq/selenium/selenium-http/4.4.0/selenium-http-4.4.0.jar:/home/ravi-muktavarapu/.m2/repository/dev/failsafe/failsafe/3.2.4/failsafe-3.2.4.jar:/home/ravi-muktavarapu/.m2/repository/org/seleniumhq/selenium/selenium-safari-driver/4.4.0/selenium-safari-driver-4.4.0.jar:/home/ravi-muktavarapu/.m2/repository/org/seleniumhq/selenium/selenium-support/4.4.0/selenium-support-4.4.0.jar:/home/ravi-muktavarapu/.m2/repository/io/github/bonigarcia/webdrivermanager/5.3.0/webdrivermanager-5.3.0.jar:/home/ravi-muktavarapu/.m2/repository/com/google/code/gson/gson/2.9.1/gson-2.9.1.jar:/home/ravi-muktavarapu/.m2/repository/com/github/docker-java/docker-java/3.2.13/docker-java-3.2.13.jar:/home/ravi-muktavarapu/.m2/repository/com/github/docker-java/docker-java-core/3.2.13/docker-java-core-3.2.13.jar:/home/ravi-muktavarapu/.m2/repository/com/github/docker-java/docker-java-api/3.2.13/docker-java-api-3.2.13.jar:/home/ravi-muktavarapu/.m2/repository/org/apache/commons/commons-compress/1.21/commons-compress-1.21.jar:/home/ravi-muktavarapu/.m2/repository/org/bouncycastle/bcpkix-jdk15on/1.64/bcpkix-jdk15on-1.64.jar:/home/ravi-muktavarapu/.m2/repository/org/slf4j/jcl-over-slf4j/1.7.30/jcl-over-slf4j-1.7.30.jar:/home/ravi-muktavarapu/.m2/repository/com/github/docker-java/docker-java-transport-httpclient5/3.2.13/docker-java-transport-httpclient5-3.2.13.jar:/home/ravi-muktavarapu/.m2/repository/com/github/docker-java/docker-java-transport/3.2.13/docker-java-transport-3.2.13.jar:/home/ravi-muktavarapu/.m2/repository/net/java/dev/jna/jna/5.8.0/jna-5.8.0.jar:/home/ravi-muktavarapu/.m2/repository/org/brotli/dec/0.1.2/dec-0.1.2.jar:/home/ravi-muktavarapu/.m2/repository/org/apache/commons/commons-lang3/3.12.0/commons-lang3-3.12.0.jar:/home/ravi-muktavarapu/.m2/repository/org/apache/httpcomponents/client5/httpclient5/5.1.3/httpclient5-5.1.3.jar:/home/ravi-muktavarapu/.m2/repository/org/apache/httpcomponents/core5/httpcore5/5.1.3/httpcore5-5.1.3.jar:/home/ravi-muktavarapu/.m2/repository/org/apache/httpcomponents/core5/httpcore5-h2/5.1.3/httpcore5-h2-5.1.3.jar:/home/ravi-muktavarapu/.m2/repository/commons-codec/commons-codec/1.15/commons-codec-1.15.jar:/home/ravi-muktavarapu/.m2/repository/io/cucumber/cucumber-java/7.6.0/cucumber-java-7.6.0.jar:/home/ravi-muktavarapu/.m2/repository/org/apiguardian/apiguardian-api/1.1.2/apiguardian-api-1.1.2.jar:/home/ravi-muktavarapu/.m2/repository/io/cucumber/cucumber-junit/7.6.0/cucumber-junit-7.6.0.jar:/home/ravi-muktavarapu/.m2/repository/junit/junit/4.13.2/junit-4.13.2.jar:/home/ravi-muktavarapu/.m2/repository/org/hamcrest/hamcrest-core/1.3/hamcrest-core-1.3.jar:/home/ravi-muktavarapu/.m2/repository/io/cucumber/cucumber-core/7.6.0/cucumber-core-7.6.0.jar:/home/ravi-muktavarapu/.m2/repository/io/cucumber/cucumber-gherkin/7.6.0/cucumber-gherkin-7.6.0.jar:/home/ravi-muktavarapu/.m2/repository/io/cucumber/cucumber-gherkin-messages/7.6.0/cucumber-gherkin-messages-7.6.0.jar:/home/ravi-muktavarapu/.m2/repository/io/cucumber/gherkin/24.0.0/gherkin-24.0.0.jar:/home/ravi-muktavarapu/.m2/repository/io/cucumber/messages/19.0.0/messages-19.0.0.jar:/home/ravi-muktavarapu/.m2/repository/io/cucumber/tag-expressions/4.1.0/tag-expressions-4.1.0.jar:/home/ravi-muktavarapu/.m2/repository/io/cucumber/cucumber-expressions/16.0.0/cucumber-expressions-16.0.0.jar:/home/ravi-muktavarapu/.m2/repository/io/cucumber/datatable/7.6.0/datatable-7.6.0.jar:/home/ravi-muktavarapu/.m2/repository/io/cucumber/cucumber-plugin/7.6.0/cucumber-plugin-7.6.0.jar:/home/ravi-muktavarapu/.m2/repository/io/cucumber/docstring/7.6.0/docstring-7.6.0.jar:/home/ravi-muktavarapu/.m2/repository/io/cucumber/html-formatter/20.0.0/html-formatter-20.0.0.jar:/home/ravi-muktavarapu/.m2/repository/io/cucumber/ci-environment/9.1.0/ci-environment-9.1.0.jar:/home/ravi-muktavarapu/.m2/repository/net/masterthought/cucumber-reporting/5.7.1/cucumber-reporting-5.7.1.jar:/home/ravi-muktavarapu/.m2/repository/com/fasterxml/jackson/core/jackson-databind/2.13.2.2/jackson-databind-2.13.2.2.jar:/home/ravi-muktavarapu/.m2/repository/com/fasterxml/jackson/datatype/jackson-datatype-jsr310/2.13.2/jackson-datatype-jsr310-2.13.2.jar:/home/ravi-muktavarapu/.m2/repository/org/apache/velocity/velocity-engine-core/2.3/velocity-engine-core-2.3.jar:/home/ravi-muktavarapu/.m2/repository/commons-collections/commons-collections/3.2.2/commons-collections-3.2.2.jar:/home/ravi-muktavarapu/.m2/repository/joda-time/joda-time/2.10.14/joda-time-2.10.14.jar:/home/ravi-muktavarapu/.m2/repository/commons-io/commons-io/2.7/commons-io-2.7.jar:/home/ravi-muktavarapu/.m2/repository/org/codehaus/plexus/plexus-utils/3.4.2/plexus-utils-3.4.2.jar:/home/ravi-muktavarapu/.m2/repository/org/jsoup/jsoup/1.15.1/jsoup-1.15.1.jar:/home/ravi-muktavarapu/.m2/repository/com/googlecode/owasp-java-html-sanitizer/owasp-java-html-sanitizer/20211018.2/owasp-java-html-sanitizer-20211018.2.jar:/home/ravi-muktavarapu/.m2/repository/commons-configuration/commons-configuration/1.10/commons-configuration-1.10.jar:/home/ravi-muktavarapu/.m2/repository/commons-lang/commons-lang/2.6/commons-lang-2.6.jar:/home/ravi-muktavarapu/.m2/repository/commons-logging/commons-logging/1.1.1/commons-logging-1.1.1.jar:/home/ravi-muktavarapu/.m2/repository/io/cucumber/cucumber-picocontainer/7.6.0/cucumber-picocontainer-7.6.0.jar:/home/ravi-muktavarapu/.m2/repository/org/picocontainer/picocontainer/2.15/picocontainer-2.15.jar:/home/ravi-muktavarapu/.m2/repository/org/apache/commons/commons-text/1.9/commons-text-1.9.jar:/home/ravi-muktavarapu/.m2/repository/com/sendgrid/sendgrid-java/4.9.3/sendgrid-java-4.9.3.jar:/home/ravi-muktavarapu/.m2/repository/com/sendgrid/java-http-client/4.5.0/java-http-client-4.5.0.jar:/home/ravi-muktavarapu/.m2/repository/org/apache/httpcomponents/httpcore/4.4.15/httpcore-4.4.15.jar:/home/ravi-muktavarapu/.m2/repository/com/fasterxml/jackson/core/jackson-core/2.13.3/jackson-core-2.13.3.jar:/home/ravi-muktavarapu/.m2/repository/com/fasterxml/jackson/core/jackson-annotations/2.13.3/jackson-annotations-2.13.3.jar:/home/ravi-muktavarapu/.m2/repository/org/bouncycastle/bcprov-jdk15on/1.70/bcprov-jdk15on-1.70.jar:/home/ravi-muktavarapu/.m2/repository/io/rest-assured/rest-assured/5.1.1/rest-assured-5.1.1.jar:/home/ravi-muktavarapu/.m2/repository/org/apache/groovy/groovy/4.0.1/groovy-4.0.1.jar:/home/ravi-muktavarapu/.m2/repository/org/apache/groovy/groovy-xml/4.0.1/groovy-xml-4.0.1.jar:/home/ravi-muktavarapu/.m2/repository/org/apache/httpcomponents/httpclient/4.5.13/httpclient-4.5.13.jar:/home/ravi-muktavarapu/.m2/repository/org/apache/httpcomponents/httpmime/4.5.13/httpmime-4.5.13.jar:/home/ravi-muktavarapu/.m2/repository/org/hamcrest/hamcrest/2.1/hamcrest-2.1.jar:/home/ravi-muktavarapu/.m2/repository/org/ccil/cowan/tagsoup/tagsoup/1.2.1/tagsoup-1.2.1.jar:/home/ravi-muktavarapu/.m2/repository/io/rest-assured/json-path/5.1.1/json-path-5.1.1.jar:/home/ravi-muktavarapu/.m2/repository/org/apache/groovy/groovy-json/4.0.1/groovy-json-4.0.1.jar:/home/ravi-muktavarapu/.m2/repository/io/rest-assured/rest-assured-common/5.1.1/rest-assured-common-5.1.1.jar:/home/ravi-muktavarapu/.m2/repository/io/rest-assured/xml-path/5.1.1/xml-path-5.1.1.jar:/home/ravi-muktavarapu/.m2/repository/org/projectlombok/lombok/1.18.24/lombok-1.18.24.jar:/home/ravi-muktavarapu/.m2/repository/org/slf4j/slf4j-api/2.0.0/slf4j-api-2.0.0.jar:/home/ravi-muktavarapu/.m2/repository/org/apache/logging/log4j/log4j-core/2.18.0/log4j-core-2.18.0.jar:/home/ravi-muktavarapu/.m2/repository/org/apache/logging/log4j/log4j-api/2.18.0/log4j-api-2.18.0.jar:/home/ravi-muktavarapu/.m2/repository/io/rest-assured/json-schema-validator/5.1.1/json-schema-validator-5.1.1.jar:/home/ravi-muktavarapu/.m2/repository/com/github/java-json-tools/json-schema-validator/2.2.14/json-schema-validator-2.2.14.jar:/home/ravi-muktavarapu/.m2/repository/com/github/java-json-tools/jackson-coreutils-equivalence/1.0/jackson-coreutils-equivalence-1.0.jar:/home/ravi-muktavarapu/.m2/repository/com/github/java-json-tools/jackson-coreutils/2.0/jackson-coreutils-2.0.jar:/home/ravi-muktavarapu/.m2/repository/com/github/java-json-tools/msg-simple/1.2/msg-simple-1.2.jar:/home/ravi-muktavarapu/.m2/repository/com/github/java-json-tools/btf/1.3/btf-1.3.jar:/home/ravi-muktavarapu/.m2/repository/com/github/java-json-tools/json-schema-core/1.2.14/json-schema-core-1.2.14.jar:/home/ravi-muktavarapu/.m2/repository/com/github/java-json-tools/uri-template/0.10/uri-template-0.10.jar:/home/ravi-muktavarapu/.m2/repository/org/mozilla/rhino/1.7.7.2/rhino-1.7.7.2.jar:/home/ravi-muktavarapu/.m2/repository/com/sun/mail/mailapi/1.6.2/mailapi-1.6.2.jar:/home/ravi-muktavarapu/.m2/repository/com/googlecode/libphonenumber/libphonenumber/8.11.1/libphonenumber-8.11.1.jar:/home/ravi-muktavarapu/.m2/repository/net/sf/jopt-simple/jopt-simple/5.0.4/jopt-simple-5.0.4.jar:/home/ravi-muktavarapu/.m2/repository/mysql/mysql-connector-java/8.0.30/mysql-connector-java-8.0.30.jar:/home/ravi-muktavarapu/.m2/repository/com/google/protobuf/protobuf-java/3.19.4/protobuf-java-3.19.4.jar:/home/ravi-muktavarapu/.m2/repository/com/github/ulisesbocchio/jasypt-spring-boot-starter/3.0.4/jasypt-spring-boot-starter-3.0.4.jar:/home/ravi-muktavarapu/.m2/repository/com/github/ulisesbocchio/jasypt-spring-boot/3.0.4/jasypt-spring-boot-3.0.4.jar:/home/ravi-muktavarapu/.m2/repository/org/jasypt/jasypt/1.9.3/jasypt-1.9.3.jar:/home/ravi-muktavarapu/.m2/repository/net/sourceforge/jexcelapi/jxl/2.6.12/jxl-2.6.12.jar:/home/ravi-muktavarapu/.m2/repository/log4j/log4j/1.2.14/log4j-1.2.14.jar:"/>
    <property name="java.vm.vendor" value="Oracle Corporation"/>
    <property name="sun.arch.data.model" value="64"/>
    <property name="sun.font.fontmanager" value="sun.awt.X11FontManager"/>
    <property name="java.vendor.url" value="https://java.oracle.com/"/>
    <property name="user.timezone" value="Europe/Berlin"/>
    <property name="os.name" value="Linux"/>
    <property name="java.vm.specification.version" value="17"/>
    <property name="sun.java.launcher" value="SUN_STANDARD"/>
    <property name="user.country" value="US"/>
    <property name="sun.boot.library.path" value="/usr/lib/jvm/jdk-17/lib"/>
    <property name="sun.java.command" value="/home/ravi-muktavarapu/Desktop/Project_backup/EspritCaseStudy/target/surefire/surefirebooter5124787535770296725.jar /home/ravi-muktavarapu/Desktop/Project_backup/EspritCaseStudy/target/surefire 2022-09-05T16-44-10_908-jvmRun1 surefire4089507631391347330tmp surefire_014286896528245010721tmp"/>
    <property name="jdk.debug" value="release"/>
    <property name="surefire.test.class.path" value="/home/ravi-muktavarapu/Desktop/Project_backup/EspritCaseStudy/target/test-classes:/home/ravi-muktavarapu/Desktop/Project_backup/EspritCaseStudy/target/classes:/home/ravi-muktavarapu/.m2/repository/org/slf4j/slf4j-simple/2.0.0/slf4j-simple-2.0.0.jar:/home/ravi-muktavarapu/.m2/repository/tech/grasshopper/extentreports-cucumber7-adapter/1.7.0/extentreports-cucumber7-adapter-1.7.0.jar:/home/ravi-muktavarapu/.m2/repository/com/aventstack/extentreports/5.0.9/extentreports-5.0.9.jar:/home/ravi-muktavarapu/.m2/repository/io/reactivex/rxjava3/rxjava/3.0.4/rxjava-3.0.4.jar:/home/ravi-muktavarapu/.m2/repository/org/reactivestreams/reactive-streams/1.0.3/reactive-streams-1.0.3.jar:/home/ravi-muktavarapu/.m2/repository/org/freemarker/freemarker/2.3.30/freemarker-2.3.30.jar:/home/ravi-muktavarapu/.m2/repository/tech/grasshopper/extent-pdf-report/2.7.0/extent-pdf-report-2.7.0.jar:/home/ravi-muktavarapu/.m2/repository/tech/grasshopper/cucumber-pdf-report/2.10.0/cucumber-pdf-report-2.10.0.jar:/home/ravi-muktavarapu/.m2/repository/org/apache/pdfbox/pdfbox/2.0.26/pdfbox-2.0.26.jar:/home/ravi-muktavarapu/.m2/repository/org/apache/pdfbox/fontbox/2.0.26/fontbox-2.0.26.jar:/home/ravi-muktavarapu/.m2/repository/org/knowm/xchart/xchart/3.8.0/xchart-3.8.0.jar:/home/ravi-muktavarapu/.m2/repository/de/erichseifert/vectorgraphics2d/VectorGraphics2D/0.13/VectorGraphics2D-0.13.jar:/home/ravi-muktavarapu/.m2/repository/de/rototor/pdfbox/graphics2d/0.30/graphics2d-0.30.jar:/home/ravi-muktavarapu/.m2/repository/com/madgag/animated-gif-lib/1.4/animated-gif-lib-1.4.jar:/home/ravi-muktavarapu/.m2/repository/org/yaml/snakeyaml/1.28/snakeyaml-1.28.jar:/home/ravi-muktavarapu/.m2/repository/tech/grasshopper/table-layout/1.5.1/table-layout-1.5.1.jar:/home/ravi-muktavarapu/.m2/repository/tech/grasshopper/rest-assured-cucumber-pdf-report/1.4.1/rest-assured-cucumber-pdf-report-1.4.1.jar:/home/ravi-muktavarapu/.m2/repository/com/aventstack/klov-reporter/5.0.9/klov-reporter-5.0.9.jar:/home/ravi-muktavarapu/.m2/repository/org/mongodb/mongodb-driver/3.6.4/mongodb-driver-3.6.4.jar:/home/ravi-muktavarapu/.m2/repository/org/mongodb/mongodb-driver-core/3.6.4/mongodb-driver-core-3.6.4.jar:/home/ravi-muktavarapu/.m2/repository/org/mongodb/bson/3.6.4/bson-3.6.4.jar:/home/ravi-muktavarapu/.m2/repository/tech/grasshopper/htmlextentreporter/1.0.1/htmlextentreporter-1.0.1.jar:/home/ravi-muktavarapu/.m2/repository/javax/mail/javax.mail-api/1.6.2/javax.mail-api-1.6.2.jar:/home/ravi-muktavarapu/.m2/repository/com/google/guava/guava/31.1-jre/guava-31.1-jre.jar:/home/ravi-muktavarapu/.m2/repository/com/google/guava/failureaccess/1.0.1/failureaccess-1.0.1.jar:/home/ravi-muktavarapu/.m2/repository/com/google/guava/listenablefuture/9999.0-empty-to-avoid-conflict-with-guava/listenablefuture-9999.0-empty-to-avoid-conflict-with-guava.jar:/home/ravi-muktavarapu/.m2/repository/com/google/code/findbugs/jsr305/3.0.2/jsr305-3.0.2.jar:/home/ravi-muktavarapu/.m2/repository/org/checkerframework/checker-qual/3.12.0/checker-qual-3.12.0.jar:/home/ravi-muktavarapu/.m2/repository/com/google/errorprone/error_prone_annotations/2.11.0/error_prone_annotations-2.11.0.jar:/home/ravi-muktavarapu/.m2/repository/com/google/j2objc/j2objc-annotations/1.3/j2objc-annotations-1.3.jar:/home/ravi-muktavarapu/.m2/repository/org/seleniumhq/selenium/selenium-java/4.4.0/selenium-java-4.4.0.jar:/home/ravi-muktavarapu/.m2/repository/org/seleniumhq/selenium/selenium-api/4.4.0/selenium-api-4.4.0.jar:/home/ravi-muktavarapu/.m2/repository/org/seleniumhq/selenium/selenium-chrome-driver/4.4.0/selenium-chrome-driver-4.4.0.jar:/home/ravi-muktavarapu/.m2/repository/com/google/auto/service/auto-service-annotations/1.0.1/auto-service-annotations-1.0.1.jar:/home/ravi-muktavarapu/.m2/repository/com/google/auto/service/auto-service/1.0.1/auto-service-1.0.1.jar:/home/ravi-muktavarapu/.m2/repository/com/google/auto/auto-common/1.2/auto-common-1.2.jar:/home/ravi-muktavarapu/.m2/repository/org/seleniumhq/selenium/selenium-chromium-driver/4.4.0/selenium-chromium-driver-4.4.0.jar:/home/ravi-muktavarapu/.m2/repository/org/seleniumhq/selenium/selenium-json/4.4.0/selenium-json-4.4.0.jar:/home/ravi-muktavarapu/.m2/repository/org/seleniumhq/selenium/selenium-devtools-v102/4.4.0/selenium-devtools-v102-4.4.0.jar:/home/ravi-muktavarapu/.m2/repository/org/seleniumhq/selenium/selenium-devtools-v103/4.4.0/selenium-devtools-v103-4.4.0.jar:/home/ravi-muktavarapu/.m2/repository/org/seleniumhq/selenium/selenium-devtools-v104/4.4.0/selenium-devtools-v104-4.4.0.jar:/home/ravi-muktavarapu/.m2/repository/org/seleniumhq/selenium/selenium-devtools-v85/4.4.0/selenium-devtools-v85-4.4.0.jar:/home/ravi-muktavarapu/.m2/repository/org/seleniumhq/selenium/selenium-edge-driver/4.4.0/selenium-edge-driver-4.4.0.jar:/home/ravi-muktavarapu/.m2/repository/org/seleniumhq/selenium/selenium-firefox-driver/4.4.0/selenium-firefox-driver-4.4.0.jar:/home/ravi-muktavarapu/.m2/repository/org/seleniumhq/selenium/selenium-ie-driver/4.4.0/selenium-ie-driver-4.4.0.jar:/home/ravi-muktavarapu/.m2/repository/org/seleniumhq/selenium/selenium-opera-driver/4.4.0/selenium-opera-driver-4.4.0.jar:/home/ravi-muktavarapu/.m2/repository/org/seleniumhq/selenium/selenium-remote-driver/4.4.0/selenium-remote-driver-4.4.0.jar:/home/ravi-muktavarapu/.m2/repository/com/beust/jcommander/1.82/jcommander-1.82.jar:/home/ravi-muktavarapu/.m2/repository/io/netty/netty-buffer/4.1.78.Final/netty-buffer-4.1.78.Final.jar:/home/ravi-muktavarapu/.m2/repository/io/netty/netty-codec-http/4.1.78.Final/netty-codec-http-4.1.78.Final.jar:/home/ravi-muktavarapu/.m2/repository/io/netty/netty-codec/4.1.78.Final/netty-codec-4.1.78.Final.jar:/home/ravi-muktavarapu/.m2/repository/io/netty/netty-handler/4.1.78.Final/netty-handler-4.1.78.Final.jar:/home/ravi-muktavarapu/.m2/repository/io/netty/netty-common/4.1.78.Final/netty-common-4.1.78.Final.jar:/home/ravi-muktavarapu/.m2/repository/io/netty/netty-transport-classes-epoll/4.1.78.Final/netty-transport-classes-epoll-4.1.78.Final.jar:/home/ravi-muktavarapu/.m2/repository/io/netty/netty-transport-classes-kqueue/4.1.78.Final/netty-transport-classes-kqueue-4.1.78.Final.jar:/home/ravi-muktavarapu/.m2/repository/io/netty/netty-transport-native-epoll/4.1.78.Final/netty-transport-native-epoll-4.1.78.Final.jar:/home/ravi-muktavarapu/.m2/repository/io/netty/netty-transport-native-kqueue/4.1.78.Final/netty-transport-native-kqueue-4.1.78.Final.jar:/home/ravi-muktavarapu/.m2/repository/io/netty/netty-transport-native-unix-common/4.1.78.Final/netty-transport-native-unix-common-4.1.78.Final.jar:/home/ravi-muktavarapu/.m2/repository/io/netty/netty-transport/4.1.78.Final/netty-transport-4.1.78.Final.jar:/home/ravi-muktavarapu/.m2/repository/io/netty/netty-resolver/4.1.78.Final/netty-resolver-4.1.78.Final.jar:/home/ravi-muktavarapu/.m2/repository/io/opentelemetry/opentelemetry-api/1.16.0/opentelemetry-api-1.16.0.jar:/home/ravi-muktavarapu/.m2/repository/io/opentelemetry/opentelemetry-context/1.16.0/opentelemetry-context-1.16.0.jar:/home/ravi-muktavarapu/.m2/repository/io/opentelemetry/opentelemetry-exporter-logging/1.16.0/opentelemetry-exporter-logging-1.16.0.jar:/home/ravi-muktavarapu/.m2/repository/io/opentelemetry/opentelemetry-sdk-metrics/1.16.0/opentelemetry-sdk-metrics-1.16.0.jar:/home/ravi-muktavarapu/.m2/repository/io/opentelemetry/opentelemetry-sdk-logs/1.16.0-alpha/opentelemetry-sdk-logs-1.16.0-alpha.jar:/home/ravi-muktavarapu/.m2/repository/io/opentelemetry/opentelemetry-sdk-common/1.16.0/opentelemetry-sdk-common-1.16.0.jar:/home/ravi-muktavarapu/.m2/repository/io/opentelemetry/opentelemetry-sdk-extension-autoconfigure-spi/1.16.0/opentelemetry-sdk-extension-autoconfigure-spi-1.16.0.jar:/home/ravi-muktavarapu/.m2/repository/io/opentelemetry/opentelemetry-sdk-extension-autoconfigure/1.16.0-alpha/opentelemetry-sdk-extension-autoconfigure-1.16.0-alpha.jar:/home/ravi-muktavarapu/.m2/repository/io/opentelemetry/opentelemetry-sdk-trace/1.16.0/opentelemetry-sdk-trace-1.16.0.jar:/home/ravi-muktavarapu/.m2/repository/io/opentelemetry/opentelemetry-sdk/1.16.0/opentelemetry-sdk-1.16.0.jar:/home/ravi-muktavarapu/.m2/repository/io/opentelemetry/opentelemetry-semconv/1.16.0-alpha/opentelemetry-semconv-1.16.0-alpha.jar:/home/ravi-muktavarapu/.m2/repository/io/ous/jtoml/2.0.0/jtoml-2.0.0.jar:/home/ravi-muktavarapu/.m2/repository/net/bytebuddy/byte-buddy/1.12.10/byte-buddy-1.12.10.jar:/home/ravi-muktavarapu/.m2/repository/org/apache/commons/commons-exec/1.3/commons-exec-1.3.jar:/home/ravi-muktavarapu/.m2/repository/org/asynchttpclient/async-http-client/2.12.3/async-http-client-2.12.3.jar:/home/ravi-muktavarapu/.m2/repository/org/asynchttpclient/async-http-client-netty-utils/2.12.3/async-http-client-netty-utils-2.12.3.jar:/home/ravi-muktavarapu/.m2/repository/io/netty/netty-codec-socks/4.1.60.Final/netty-codec-socks-4.1.60.Final.jar:/home/ravi-muktavarapu/.m2/repository/io/netty/netty-handler-proxy/4.1.60.Final/netty-handler-proxy-4.1.60.Final.jar:/home/ravi-muktavarapu/.m2/repository/io/netty/netty-transport-native-epoll/4.1.60.Final/netty-transport-native-epoll-4.1.60.Final-linux-x86_64.jar:/home/ravi-muktavarapu/.m2/repository/io/netty/netty-transport-native-kqueue/4.1.60.Final/netty-transport-native-kqueue-4.1.60.Final-osx-x86_64.jar:/home/ravi-muktavarapu/.m2/repository/com/typesafe/netty/netty-reactive-streams/2.0.4/netty-reactive-streams-2.0.4.jar:/home/ravi-muktavarapu/.m2/repository/com/sun/activation/jakarta.activation/1.2.2/jakarta.activation-1.2.2.jar:/home/ravi-muktavarapu/.m2/repository/org/seleniumhq/selenium/selenium-http/4.4.0/selenium-http-4.4.0.jar:/home/ravi-muktavarapu/.m2/repository/dev/failsafe/failsafe/3.2.4/failsafe-3.2.4.jar:/home/ravi-muktavarapu/.m2/repository/org/seleniumhq/selenium/selenium-safari-driver/4.4.0/selenium-safari-driver-4.4.0.jar:/home/ravi-muktavarapu/.m2/repository/org/seleniumhq/selenium/selenium-support/4.4.0/selenium-support-4.4.0.jar:/home/ravi-muktavarapu/.m2/repository/io/github/bonigarcia/webdrivermanager/5.3.0/webdrivermanager-5.3.0.jar:/home/ravi-muktavarapu/.m2/repository/com/google/code/gson/gson/2.9.1/gson-2.9.1.jar:/home/ravi-muktavarapu/.m2/repository/com/github/docker-java/docker-java/3.2.13/docker-java-3.2.13.jar:/home/ravi-muktavarapu/.m2/repository/com/github/docker-java/docker-java-core/3.2.13/docker-java-core-3.2.13.jar:/home/ravi-muktavarapu/.m2/repository/com/github/docker-java/docker-java-api/3.2.13/docker-java-api-3.2.13.jar:/home/ravi-muktavarapu/.m2/repository/org/apache/commons/commons-compress/1.21/commons-compress-1.21.jar:/home/ravi-muktavarapu/.m2/repository/org/bouncycastle/bcpkix-jdk15on/1.64/bcpkix-jdk15on-1.64.jar:/home/ravi-muktavarapu/.m2/repository/org/slf4j/jcl-over-slf4j/1.7.30/jcl-over-slf4j-1.7.30.jar:/home/ravi-muktavarapu/.m2/repository/com/github/docker-java/docker-java-transport-httpclient5/3.2.13/docker-java-transport-httpclient5-3.2.13.jar:/home/ravi-muktavarapu/.m2/repository/com/github/docker-java/docker-java-transport/3.2.13/docker-java-transport-3.2.13.jar:/home/ravi-muktavarapu/.m2/repository/net/java/dev/jna/jna/5.8.0/jna-5.8.0.jar:/home/ravi-muktavarapu/.m2/repository/org/brotli/dec/0.1.2/dec-0.1.2.jar:/home/ravi-muktavarapu/.m2/repository/org/apache/commons/commons-lang3/3.12.0/commons-lang3-3.12.0.jar:/home/ravi-muktavarapu/.m2/repository/org/apache/httpcomponents/client5/httpclient5/5.1.3/httpclient5-5.1.3.jar:/home/ravi-muktavarapu/.m2/repository/org/apache/httpcomponents/core5/httpcore5/5.1.3/httpcore5-5.1.3.jar:/home/ravi-muktavarapu/.m2/repository/org/apache/httpcomponents/core5/httpcore5-h2/5.1.3/httpcore5-h2-5.1.3.jar:/home/ravi-muktavarapu/.m2/repository/commons-codec/commons-codec/1.15/commons-codec-1.15.jar:/home/ravi-muktavarapu/.m2/repository/io/cucumber/cucumber-java/7.6.0/cucumber-java-7.6.0.jar:/home/ravi-muktavarapu/.m2/repository/org/apiguardian/apiguardian-api/1.1.2/apiguardian-api-1.1.2.jar:/home/ravi-muktavarapu/.m2/repository/io/cucumber/cucumber-junit/7.6.0/cucumber-junit-7.6.0.jar:/home/ravi-muktavarapu/.m2/repository/junit/junit/4.13.2/junit-4.13.2.jar:/home/ravi-muktavarapu/.m2/repository/org/hamcrest/hamcrest-core/1.3/hamcrest-core-1.3.jar:/home/ravi-muktavarapu/.m2/repository/io/cucumber/cucumber-core/7.6.0/cucumber-core-7.6.0.jar:/home/ravi-muktavarapu/.m2/repository/io/cucumber/cucumber-gherkin/7.6.0/cucumber-gherkin-7.6.0.jar:/home/ravi-muktavarapu/.m2/repository/io/cucumber/cucumber-gherkin-messages/7.6.0/cucumber-gherkin-messages-7.6.0.jar:/home/ravi-muktavarapu/.m2/repository/io/cucumber/gherkin/24.0.0/gherkin-24.0.0.jar:/home/ravi-muktavarapu/.m2/repository/io/cucumber/messages/19.0.0/messages-19.0.0.jar:/home/ravi-muktavarapu/.m2/repository/io/cucumber/tag-expressions/4.1.0/tag-expressions-4.1.0.jar:/home/ravi-muktavarapu/.m2/repository/io/cucumber/cucumber-expressions/16.0.0/cucumber-expressions-16.0.0.jar:/home/ravi-muktavarapu/.m2/repository/io/cucumber/datatable/7.6.0/datatable-7.6.0.jar:/home/ravi-muktavarapu/.m2/repository/io/cucumber/cucumber-plugin/7.6.0/cucumber-plugin-7.6.0.jar:/home/ravi-muktavarapu/.m2/repository/io/cucumber/docstring/7.6.0/docstring-7.6.0.jar:/home/ravi-muktavarapu/.m2/repository/io/cucumber/html-formatter/20.0.0/html-formatter-20.0.0.jar:/home/ravi-muktavarapu/.m2/repository/io/cucumber/ci-environment/9.1.0/ci-environment-9.1.0.jar:/home/ravi-muktavarapu/.m2/repository/net/masterthought/cucumber-reporting/5.7.1/cucumber-reporting-5.7.1.jar:/home/ravi-muktavarapu/.m2/repository/com/fasterxml/jackson/core/jackson-databind/2.13.2.2/jackson-databind-2.13.2.2.jar:/home/ravi-muktavarapu/.m2/repository/com/fasterxml/jackson/datatype/jackson-datatype-jsr310/2.13.2/jackson-datatype-jsr310-2.13.2.jar:/home/ravi-muktavarapu/.m2/repository/org/apache/velocity/velocity-engine-core/2.3/velocity-engine-core-2.3.jar:/home/ravi-muktavarapu/.m2/repository/commons-collections/commons-collections/3.2.2/commons-collections-3.2.2.jar:/home/ravi-muktavarapu/.m2/repository/joda-time/joda-time/2.10.14/joda-time-2.10.14.jar:/home/ravi-muktavarapu/.m2/repository/commons-io/commons-io/2.7/commons-io-2.7.jar:/home/ravi-muktavarapu/.m2/repository/org/codehaus/plexus/plexus-utils/3.4.2/plexus-utils-3.4.2.jar:/home/ravi-muktavarapu/.m2/repository/org/jsoup/jsoup/1.15.1/jsoup-1.15.1.jar:/home/ravi-muktavarapu/.m2/repository/com/googlecode/owasp-java-html-sanitizer/owasp-java-html-sanitizer/20211018.2/owasp-java-html-sanitizer-20211018.2.jar:/home/ravi-muktavarapu/.m2/repository/commons-configuration/commons-configuration/1.10/commons-configuration-1.10.jar:/home/ravi-muktavarapu/.m2/repository/commons-lang/commons-lang/2.6/commons-lang-2.6.jar:/home/ravi-muktavarapu/.m2/repository/commons-logging/commons-logging/1.1.1/commons-logging-1.1.1.jar:/home/ravi-muktavarapu/.m2/repository/io/cucumber/cucumber-picocontainer/7.6.0/cucumber-picocontainer-7.6.0.jar:/home/ravi-muktavarapu/.m2/repository/org/picocontainer/picocontainer/2.15/picocontainer-2.15.jar:/home/ravi-muktavarapu/.m2/repository/org/apache/commons/commons-text/1.9/commons-text-1.9.jar:/home/ravi-muktavarapu/.m2/repository/com/sendgrid/sendgrid-java/4.9.3/sendgrid-java-4.9.3.jar:/home/ravi-muktavarapu/.m2/repository/com/sendgrid/java-http-client/4.5.0/java-http-client-4.5.0.jar:/home/ravi-muktavarapu/.m2/repository/org/apache/httpcomponents/httpcore/4.4.15/httpcore-4.4.15.jar:/home/ravi-muktavarapu/.m2/repository/com/fasterxml/jackson/core/jackson-core/2.13.3/jackson-core-2.13.3.jar:/home/ravi-muktavarapu/.m2/repository/com/fasterxml/jackson/core/jackson-annotations/2.13.3/jackson-annotations-2.13.3.jar:/home/ravi-muktavarapu/.m2/repository/org/bouncycastle/bcprov-jdk15on/1.70/bcprov-jdk15on-1.70.jar:/home/ravi-muktavarapu/.m2/repository/io/rest-assured/rest-assured/5.1.1/rest-assured-5.1.1.jar:/home/ravi-muktavarapu/.m2/repository/org/apache/groovy/groovy/4.0.1/groovy-4.0.1.jar:/home/ravi-muktavarapu/.m2/repository/org/apache/groovy/groovy-xml/4.0.1/groovy-xml-4.0.1.jar:/home/ravi-muktavarapu/.m2/repository/org/apache/httpcomponents/httpclient/4.5.13/httpclient-4.5.13.jar:/home/ravi-muktavarapu/.m2/repository/org/apache/httpcomponents/httpmime/4.5.13/httpmime-4.5.13.jar:/home/ravi-muktavarapu/.m2/repository/org/hamcrest/hamcrest/2.1/hamcrest-2.1.jar:/home/ravi-muktavarapu/.m2/repository/org/ccil/cowan/tagsoup/tagsoup/1.2.1/tagsoup-1.2.1.jar:/home/ravi-muktavarapu/.m2/repository/io/rest-assured/json-path/5.1.1/json-path-5.1.1.jar:/home/ravi-muktavarapu/.m2/repository/org/apache/groovy/groovy-json/4.0.1/groovy-json-4.0.1.jar:/home/ravi-muktavarapu/.m2/repository/io/rest-assured/rest-assured-common/5.1.1/rest-assured-common-5.1.1.jar:/home/ravi-muktavarapu/.m2/repository/io/rest-assured/xml-path/5.1.1/xml-path-5.1.1.jar:/home/ravi-muktavarapu/.m2/repository/org/projectlombok/lombok/1.18.24/lombok-1.18.24.jar:/home/ravi-muktavarapu/.m2/repository/org/slf4j/slf4j-api/2.0.0/slf4j-api-2.0.0.jar:/home/ravi-muktavarapu/.m2/repository/org/apache/logging/log4j/log4j-core/2.18.0/log4j-core-2.18.0.jar:/home/ravi-muktavarapu/.m2/repository/org/apache/logging/log4j/log4j-api/2.18.0/log4j-api-2.18.0.jar:/home/ravi-muktavarapu/.m2/repository/io/rest-assured/json-schema-validator/5.1.1/json-schema-validator-5.1.1.jar:/home/ravi-muktavarapu/.m2/repository/com/github/java-json-tools/json-schema-validator/2.2.14/json-schema-validator-2.2.14.jar:/home/ravi-muktavarapu/.m2/repository/com/github/java-json-tools/jackson-coreutils-equivalence/1.0/jackson-coreutils-equivalence-1.0.jar:/home/ravi-muktavarapu/.m2/repository/com/github/java-json-tools/jackson-coreutils/2.0/jackson-coreutils-2.0.jar:/home/ravi-muktavarapu/.m2/repository/com/github/java-json-tools/msg-simple/1.2/msg-simple-1.2.jar:/home/ravi-muktavarapu/.m2/repository/com/github/java-json-tools/btf/1.3/btf-1.3.jar:/home/ravi-muktavarapu/.m2/repository/com/github/java-json-tools/json-schema-core/1.2.14/json-schema-core-1.2.14.jar:/home/ravi-muktavarapu/.m2/repository/com/github/java-json-tools/uri-template/0.10/uri-template-0.10.jar:/home/ravi-muktavarapu/.m2/repository/org/mozilla/rhino/1.7.7.2/rhino-1.7.7.2.jar:/home/ravi-muktavarapu/.m2/repository/com/sun/mail/mailapi/1.6.2/mailapi-1.6.2.jar:/home/ravi-muktavarapu/.m2/repository/com/googlecode/libphonenumber/libphonenumber/8.11.1/libphonenumber-8.11.1.jar:/home/ravi-muktavarapu/.m2/repository/net/sf/jopt-simple/jopt-simple/5.0.4/jopt-simple-5.0.4.jar:/home/ravi-muktavarapu/.m2/repository/mysql/mysql-connector-java/8.0.30/mysql-connector-java-8.0.30.jar:/home/ravi-muktavarapu/.m2/repository/com/google/protobuf/protobuf-java/3.19.4/protobuf-java-3.19.4.jar:/home/ravi-muktavarapu/.m2/repository/com/github/ulisesbocchio/jasypt-spring-boot-starter/3.0.4/jasypt-spring-boot-starter-3.0.4.jar:/home/ravi-muktavarapu/.m2/repository/com/github/ulisesbocchio/jasypt-spring-boot/3.0.4/jasypt-spring-boot-3.0.4.jar:/home/ravi-muktavarapu/.m2/repository/org/jasypt/jasypt/1.9.3/jasypt-1.9.3.jar:/home/ravi-muktavarapu/.m2/repository/net/sourceforge/jexcelapi/jxl/2.6.12/jxl-2.6.12.jar:/home/ravi-muktavarapu/.m2/repository/log4j/log4j/1.2.14/log4j-1.2.14.jar:"/>
    <property name="sun.cpu.endian" value="little"/>
    <property name="user.home" value="/home/ravi-muktavarapu"/>
    <property name="user.language" value="en"/>
    <property name="java.specification.vendor" value="Oracle Corporation"/>
    <property name="java.version.date" value="2022-01-18"/>
    <property name="java.home" value="/usr/lib/jvm/jdk-17"/>
    <property name="file.separator" value="/"/>
    <property name="basedir" value="/home/ravi-muktavarapu/Desktop/Project_backup/EspritCaseStudy"/>
    <property name="java.vm.compressedOopsMode" value="Zero based"/>
    <property name="line.separator" value="&#10;"/>
    <property name="java.specification.name" value="Java Platform API Specification"/>
    <property name="java.vm.specification.vendor" value="Oracle Corporation"/>
    <property name="extent.reporter.spark.start" value="true"/>
    <property name="surefire.real.class.path" value="/home/ravi-muktavarapu/Desktop/Project_backup/EspritCaseStudy/target/surefire/surefirebooter5124787535770296725.jar"/>
    <property name="sun.management.compiler" value="HotSpot 64-Bit Tiered Compilers"/>
    <property name="java.runtime.version" value="17.0.2+8-LTS-86"/>
    <property name="user.name" value="ravi-muktavarapu"/>
    <property name="path.separator" value=":"/>
    <property name="os.version" value="5.14.0-1048-oem"/>
    <property name="extent.reporter.spark.out" value="target/SparkReport/Spark.html"/>
    <property name="java.runtime.name" value="Java(TM) SE Runtime Environment"/>
    <property name="file.encoding" value="UTF-8"/>
    <property name="java.vm.name" value="Java HotSpot(TM) 64-Bit Server VM"/>
    <property name="localRepository" value="/home/ravi-muktavarapu/.m2/repository"/>
    <property name="java.vendor.url.bug" value="https://bugreport.java.com/bugreport/"/>
    <property name="java.io.tmpdir" value="/tmp"/>
    <property name="java.version" value="17.0.2"/>
    <property name="user.dir" value="/home/ravi-muktavarapu/Desktop/Project_backup/EspritCaseStudy"/>
    <property name="os.arch" value="amd64"/>
    <property name="java.vm.specification.name" value="Java Virtual Machine Specification"/>
    <property name="native.encoding" value="UTF-8"/>
    <property name="java.library.path" value="/usr/java/packages/lib:/usr/lib64:/lib64:/lib:/usr/lib"/>
    <property name="java.vm.info" value="mixed mode, sharing"/>
    <property name="java.vendor" value="Oracle Corporation"/>
    <property name="java.vm.version" value="17.0.2+8-LTS-86"/>
    <property name="sun.io.unicode.encoding" value="UnicodeLittle"/>
    <property name="java.class.version" value="61.0"/>
  </properties>
  <testcase name="Test01 &gt;&gt; verify user is able login to webShop" classname="Esprit Case Study" time="10.064">
    <system-out><![CDATA[Sep 05, 2022 4:44:22 PM tech.grasshopper.pdf.PDFCucumberReport collectReportConfiguration
INFO: PDF report configuration YAML file not found. Using default settings.

┌──────────────────────────────────────────────────────────────────────────┐
│ View your Cucumber Report at:                                            │
│ https://reports.cucumber.io/reports/d91523e7-044a-4e61-98e4-2d18e5eb8573 │
│                                                                          │
│ This report will self-destruct in 24h.                                   │
│ Keep reports forever: https://reports.cucumber.io/profile                │
└──────────────────────────────────────────────────────────────────────────┘

@Regression
Scenario: Test01 >> verify user is able login to webShop # src/test/resources/features/EspritTest.feature:12
  When User navigates to Esprit URL                      # com.testproject.stepDefs.EspritStepDef.user_navigates_to_esprit_url()
  And User clicks on Login button                        # com.testproject.stepDefs.EspritStepDef.user_clicks_on_login_button()
  Then User enters valid "<username>" and "<password>"   # com.testproject.stepDefs.EspritStepDef.user_enters_valid_and(java.lang.String,java.lang.String)
  And User clicks on Submit button                       # com.testproject.stepDefs.EspritStepDef.user_clicks_on_submit_button()
  Given User clicks on Logo                              # com.testproject.stepDefs.EspritStepDef.user_clicks_on_logo()
  Then User navigates to Women collection                # com.testproject.stepDefs.EspritStepDef.user_navigates_to_women_collection()
]]></system-out>
    <system-err><![CDATA[[pool-2-thread-1] INFO com.testproject.base.BasePage - Setting up browser
[pool-2-thread-1] INFO com.testproject.base.BasePage - Executing scenario: Test01 >> verify user is able login to webShop
[pool-2-thread-1] INFO io.github.bonigarcia.wdm.WebDriverManager - Using chromedriver 104.0.5112.79 (resolved driver for Chrome 104)
[pool-2-thread-1] INFO io.github.bonigarcia.wdm.WebDriverManager - Exporting webdriver.chrome.driver as /home/ravi-muktavarapu/.cache/selenium/chromedriver/linux64/104.0.5112.79/chromedriver
Starting ChromeDriver 104.0.5112.79 (3cf3e8c8a07d104b9e1260c910efb8f383285dc5-refs/branch-heads/5112@{#1307}) on port 37183
Only local connections are allowed.
Please see https://chromedriver.chromium.org/security-considerations for suggestions on keeping ChromeDriver safe.
ChromeDriver was started successfully.
Sep 05, 2022 4:44:13 PM org.openqa.selenium.remote.ProtocolHandshake createSession
INFO: Detected upstream dialect: W3C
Sep 05, 2022 4:44:13 PM org.openqa.selenium.devtools.CdpVersionFinder findNearestMatch
INFO: Found exact CDP implementation for version 104
[pool-2-thread-1] INFO com.testproject.base.BasePage - Closing browser
]]></system-err>
  </testcase>
</testsuite>