<?xml version="1.0" encoding="UTF-8"?>
<testsuite xmlns:xsi="http://www.w3.org/2001/XMLSchema-instance" xsi:noNamespaceSchemaLocation="https://maven.apache.org/surefire/maven-surefire-plugin/xsd/surefire-test-report-3.0.xsd" version="3.0" name="Media Logos Module -- These test cases verifies the frontend features on Horreum." time="25.709" tests="4" errors="0" skipped="0" failures="0">
  <properties>
    <property name="java.specification.version" value="17"/>
    <property name="webdriver.chrome.driver" value="/home/ravi-muktavarapu/.cache/selenium/chromedriver/linux64/102.0.5005.61/chromedriver"/>
    <property name="sun.jnu.encoding" value="UTF-8"/>
    <property name="java.class.path" value="/home/ravi-muktavarapu/IdeaProjects/HorreumRegressionSuite/target/test-classes:/home/ravi-muktavarapu/IdeaProjects/HorreumRegressionSuite/target/classes:/home/ravi-muktavarapu/.m2/repository/org/slf4j/slf4j-simple/1.7.36/slf4j-simple-1.7.36.jar:/home/ravi-muktavarapu/.m2/repository/tech/grasshopper/extentreports-cucumber7-adapter/1.1.0/extentreports-cucumber7-adapter-1.1.0.jar:/home/ravi-muktavarapu/.m2/repository/com/aventstack/extentreports/5.0.8/extentreports-5.0.8.jar:/home/ravi-muktavarapu/.m2/repository/io/reactivex/rxjava3/rxjava/3.0.4/rxjava-3.0.4.jar:/home/ravi-muktavarapu/.m2/repository/org/reactivestreams/reactive-streams/1.0.3/reactive-streams-1.0.3.jar:/home/ravi-muktavarapu/.m2/repository/org/freemarker/freemarker/2.3.30/freemarker-2.3.30.jar:/home/ravi-muktavarapu/.m2/repository/tech/grasshopper/extent-pdf-report/1.7.4/extent-pdf-report-1.7.4.jar:/home/ravi-muktavarapu/.m2/repository/tech/grasshopper/cucumber-pdf-report/2.2.4/cucumber-pdf-report-2.2.4.jar:/home/ravi-muktavarapu/.m2/repository/org/apache/pdfbox/pdfbox/2.0.22/pdfbox-2.0.22.jar:/home/ravi-muktavarapu/.m2/repository/org/apache/pdfbox/fontbox/2.0.22/fontbox-2.0.22.jar:/home/ravi-muktavarapu/.m2/repository/org/knowm/xchart/xchart/3.8.0/xchart-3.8.0.jar:/home/ravi-muktavarapu/.m2/repository/de/erichseifert/vectorgraphics2d/VectorGraphics2D/0.13/VectorGraphics2D-0.13.jar:/home/ravi-muktavarapu/.m2/repository/de/rototor/pdfbox/graphics2d/0.30/graphics2d-0.30.jar:/home/ravi-muktavarapu/.m2/repository/com/madgag/animated-gif-lib/1.4/animated-gif-lib-1.4.jar:/home/ravi-muktavarapu/.m2/repository/org/yaml/snakeyaml/1.28/snakeyaml-1.28.jar:/home/ravi-muktavarapu/.m2/repository/tech/grasshopper/table-layout/1.2.0/table-layout-1.2.0.jar:/home/ravi-muktavarapu/.m2/repository/com/aventstack/klov-reporter/5.0.8/klov-reporter-5.0.8.jar:/home/ravi-muktavarapu/.m2/repository/org/mongodb/mongodb-driver/3.6.4/mongodb-driver-3.6.4.jar:/home/ravi-muktavarapu/.m2/repository/org/mongodb/mongodb-driver-core/3.6.4/mongodb-driver-core-3.6.4.jar:/home/ravi-muktavarapu/.m2/repository/org/mongodb/bson/3.6.4/bson-3.6.4.jar:/home/ravi-muktavarapu/.m2/repository/javax/mail/javax.mail-api/1.6.2/javax.mail-api-1.6.2.jar:/home/ravi-muktavarapu/.m2/repository/com/google/guava/guava/31.1-jre/guava-31.1-jre.jar:/home/ravi-muktavarapu/.m2/repository/com/google/guava/failureaccess/1.0.1/failureaccess-1.0.1.jar:/home/ravi-muktavarapu/.m2/repository/com/google/guava/listenablefuture/9999.0-empty-to-avoid-conflict-with-guava/listenablefuture-9999.0-empty-to-avoid-conflict-with-guava.jar:/home/ravi-muktavarapu/.m2/repository/com/google/code/findbugs/jsr305/3.0.2/jsr305-3.0.2.jar:/home/ravi-muktavarapu/.m2/repository/org/checkerframework/checker-qual/3.12.0/checker-qual-3.12.0.jar:/home/ravi-muktavarapu/.m2/repository/com/google/errorprone/error_prone_annotations/2.11.0/error_prone_annotations-2.11.0.jar:/home/ravi-muktavarapu/.m2/repository/com/google/j2objc/j2objc-annotations/1.3/j2objc-annotations-1.3.jar:/home/ravi-muktavarapu/.m2/repository/org/seleniumhq/selenium/selenium-java/4.1.4/selenium-java-4.1.4.jar:/home/ravi-muktavarapu/.m2/repository/org/seleniumhq/selenium/selenium-api/4.1.4/selenium-api-4.1.4.jar:/home/ravi-muktavarapu/.m2/repository/org/seleniumhq/selenium/selenium-chrome-driver/4.1.4/selenium-chrome-driver-4.1.4.jar:/home/ravi-muktavarapu/.m2/repository/com/google/auto/service/auto-service-annotations/1.0.1/auto-service-annotations-1.0.1.jar:/home/ravi-muktavarapu/.m2/repository/com/google/auto/service/auto-service/1.0.1/auto-service-1.0.1.jar:/home/ravi-muktavarapu/.m2/repository/com/google/auto/auto-common/1.2/auto-common-1.2.jar:/home/ravi-muktavarapu/.m2/repository/org/seleniumhq/selenium/selenium-chromium-driver/4.1.4/selenium-chromium-driver-4.1.4.jar:/home/ravi-muktavarapu/.m2/repository/org/seleniumhq/selenium/selenium-json/4.1.4/selenium-json-4.1.4.jar:/home/ravi-muktavarapu/.m2/repository/org/seleniumhq/selenium/selenium-devtools-v100/4.1.4/selenium-devtools-v100-4.1.4.jar:/home/ravi-muktavarapu/.m2/repository/org/seleniumhq/selenium/selenium-devtools-v101/4.1.4/selenium-devtools-v101-4.1.4.jar:/home/ravi-muktavarapu/.m2/repository/org/seleniumhq/selenium/selenium-devtools-v85/4.1.4/selenium-devtools-v85-4.1.4.jar:/home/ravi-muktavarapu/.m2/repository/org/seleniumhq/selenium/selenium-devtools-v99/4.1.4/selenium-devtools-v99-4.1.4.jar:/home/ravi-muktavarapu/.m2/repository/org/seleniumhq/selenium/selenium-edge-driver/4.1.4/selenium-edge-driver-4.1.4.jar:/home/ravi-muktavarapu/.m2/repository/org/seleniumhq/selenium/selenium-firefox-driver/4.1.4/selenium-firefox-driver-4.1.4.jar:/home/ravi-muktavarapu/.m2/repository/org/seleniumhq/selenium/selenium-ie-driver/4.1.4/selenium-ie-driver-4.1.4.jar:/home/ravi-muktavarapu/.m2/repository/org/seleniumhq/selenium/selenium-opera-driver/4.1.4/selenium-opera-driver-4.1.4.jar:/home/ravi-muktavarapu/.m2/repository/org/seleniumhq/selenium/selenium-remote-driver/4.1.4/selenium-remote-driver-4.1.4.jar:/home/ravi-muktavarapu/.m2/repository/com/beust/jcommander/1.82/jcommander-1.82.jar:/home/ravi-muktavarapu/.m2/repository/io/netty/netty-buffer/4.1.76.Final/netty-buffer-4.1.76.Final.jar:/home/ravi-muktavarapu/.m2/repository/io/netty/netty-codec-http/4.1.76.Final/netty-codec-http-4.1.76.Final.jar:/home/ravi-muktavarapu/.m2/repository/io/netty/netty-codec/4.1.76.Final/netty-codec-4.1.76.Final.jar:/home/ravi-muktavarapu/.m2/repository/io/netty/netty-handler/4.1.76.Final/netty-handler-4.1.76.Final.jar:/home/ravi-muktavarapu/.m2/repository/io/netty/netty-common/4.1.76.Final/netty-common-4.1.76.Final.jar:/home/ravi-muktavarapu/.m2/repository/io/netty/netty-transport-classes-epoll/4.1.76.Final/netty-transport-classes-epoll-4.1.76.Final.jar:/home/ravi-muktavarapu/.m2/repository/io/netty/netty-transport-classes-kqueue/4.1.76.Final/netty-transport-classes-kqueue-4.1.76.Final.jar:/home/ravi-muktavarapu/.m2/repository/io/netty/netty-transport-native-epoll/4.1.76.Final/netty-transport-native-epoll-4.1.76.Final.jar:/home/ravi-muktavarapu/.m2/repository/io/netty/netty-transport-native-kqueue/4.1.76.Final/netty-transport-native-kqueue-4.1.76.Final.jar:/home/ravi-muktavarapu/.m2/repository/io/netty/netty-transport-native-unix-common/4.1.76.Final/netty-transport-native-unix-common-4.1.76.Final.jar:/home/ravi-muktavarapu/.m2/repository/io/netty/netty-transport/4.1.76.Final/netty-transport-4.1.76.Final.jar:/home/ravi-muktavarapu/.m2/repository/io/netty/netty-resolver/4.1.76.Final/netty-resolver-4.1.76.Final.jar:/home/ravi-muktavarapu/.m2/repository/io/opentelemetry/opentelemetry-api/1.13.0/opentelemetry-api-1.13.0.jar:/home/ravi-muktavarapu/.m2/repository/io/opentelemetry/opentelemetry-context/1.13.0/opentelemetry-context-1.13.0.jar:/home/ravi-muktavarapu/.m2/repository/io/opentelemetry/opentelemetry-exporter-logging/1.13.0/opentelemetry-exporter-logging-1.13.0.jar:/home/ravi-muktavarapu/.m2/repository/io/opentelemetry/opentelemetry-sdk-metrics/1.13.0-alpha/opentelemetry-sdk-metrics-1.13.0-alpha.jar:/home/ravi-muktavarapu/.m2/repository/io/opentelemetry/opentelemetry-sdk-logs/1.13.0-alpha/opentelemetry-sdk-logs-1.13.0-alpha.jar:/home/ravi-muktavarapu/.m2/repository/io/opentelemetry/opentelemetry-sdk-common/1.13.0/opentelemetry-sdk-common-1.13.0.jar:/home/ravi-muktavarapu/.m2/repository/io/opentelemetry/opentelemetry-sdk-extension-autoconfigure-spi/1.13.0/opentelemetry-sdk-extension-autoconfigure-spi-1.13.0.jar:/home/ravi-muktavarapu/.m2/repository/io/opentelemetry/opentelemetry-sdk-extension-autoconfigure/1.13.0-alpha/opentelemetry-sdk-extension-autoconfigure-1.13.0-alpha.jar:/home/ravi-muktavarapu/.m2/repository/io/opentelemetry/opentelemetry-sdk-trace/1.13.0/opentelemetry-sdk-trace-1.13.0.jar:/home/ravi-muktavarapu/.m2/repository/io/opentelemetry/opentelemetry-sdk/1.13.0/opentelemetry-sdk-1.13.0.jar:/home/ravi-muktavarapu/.m2/repository/io/opentelemetry/opentelemetry-semconv/1.13.0-alpha/opentelemetry-semconv-1.13.0-alpha.jar:/home/ravi-muktavarapu/.m2/repository/io/ous/jtoml/2.0.0/jtoml-2.0.0.jar:/home/ravi-muktavarapu/.m2/repository/net/bytebuddy/byte-buddy/1.12.9/byte-buddy-1.12.9.jar:/home/ravi-muktavarapu/.m2/repository/org/apache/commons/commons-exec/1.3/commons-exec-1.3.jar:/home/ravi-muktavarapu/.m2/repository/org/asynchttpclient/async-http-client/2.12.3/async-http-client-2.12.3.jar:/home/ravi-muktavarapu/.m2/repository/org/asynchttpclient/async-http-client-netty-utils/2.12.3/async-http-client-netty-utils-2.12.3.jar:/home/ravi-muktavarapu/.m2/repository/io/netty/netty-codec-socks/4.1.60.Final/netty-codec-socks-4.1.60.Final.jar:/home/ravi-muktavarapu/.m2/repository/io/netty/netty-handler-proxy/4.1.60.Final/netty-handler-proxy-4.1.60.Final.jar:/home/ravi-muktavarapu/.m2/repository/io/netty/netty-transport-native-epoll/4.1.60.Final/netty-transport-native-epoll-4.1.60.Final-linux-x86_64.jar:/home/ravi-muktavarapu/.m2/repository/io/netty/netty-transport-native-kqueue/4.1.60.Final/netty-transport-native-kqueue-4.1.60.Final-osx-x86_64.jar:/home/ravi-muktavarapu/.m2/repository/com/typesafe/netty/netty-reactive-streams/2.0.4/netty-reactive-streams-2.0.4.jar:/home/ravi-muktavarapu/.m2/repository/com/sun/activation/jakarta.activation/1.2.2/jakarta.activation-1.2.2.jar:/home/ravi-muktavarapu/.m2/repository/org/seleniumhq/selenium/selenium-http/4.1.4/selenium-http-4.1.4.jar:/home/ravi-muktavarapu/.m2/repository/dev/failsafe/failsafe/3.2.3/failsafe-3.2.3.jar:/home/ravi-muktavarapu/.m2/repository/org/seleniumhq/selenium/selenium-safari-driver/4.1.4/selenium-safari-driver-4.1.4.jar:/home/ravi-muktavarapu/.m2/repository/org/seleniumhq/selenium/selenium-support/4.1.4/selenium-support-4.1.4.jar:/home/ravi-muktavarapu/.m2/repository/io/github/bonigarcia/webdrivermanager/5.1.1/webdrivermanager-5.1.1.jar:/home/ravi-muktavarapu/.m2/repository/com/google/code/gson/gson/2.9.0/gson-2.9.0.jar:/home/ravi-muktavarapu/.m2/repository/com/github/docker-java/docker-java/3.2.13/docker-java-3.2.13.jar:/home/ravi-muktavarapu/.m2/repository/com/github/docker-java/docker-java-core/3.2.13/docker-java-core-3.2.13.jar:/home/ravi-muktavarapu/.m2/repository/com/github/docker-java/docker-java-api/3.2.13/docker-java-api-3.2.13.jar:/home/ravi-muktavarapu/.m2/repository/org/apache/commons/commons-compress/1.21/commons-compress-1.21.jar:/home/ravi-muktavarapu/.m2/repository/org/bouncycastle/bcpkix-jdk15on/1.64/bcpkix-jdk15on-1.64.jar:/home/ravi-muktavarapu/.m2/repository/org/slf4j/jcl-over-slf4j/1.7.30/jcl-over-slf4j-1.7.30.jar:/home/ravi-muktavarapu/.m2/repository/com/github/docker-java/docker-java-transport-httpclient5/3.2.13/docker-java-transport-httpclient5-3.2.13.jar:/home/ravi-muktavarapu/.m2/repository/com/github/docker-java/docker-java-transport/3.2.13/docker-java-transport-3.2.13.jar:/home/ravi-muktavarapu/.m2/repository/net/java/dev/jna/jna/5.8.0/jna-5.8.0.jar:/home/ravi-muktavarapu/.m2/repository/org/brotli/dec/0.1.2/dec-0.1.2.jar:/home/ravi-muktavarapu/.m2/repository/org/apache/commons/commons-lang3/3.12.0/commons-lang3-3.12.0.jar:/home/ravi-muktavarapu/.m2/repository/org/apache/httpcomponents/client5/httpclient5/5.1.3/httpclient5-5.1.3.jar:/home/ravi-muktavarapu/.m2/repository/org/apache/httpcomponents/core5/httpcore5/5.1.3/httpcore5-5.1.3.jar:/home/ravi-muktavarapu/.m2/repository/org/apache/httpcomponents/core5/httpcore5-h2/5.1.3/httpcore5-h2-5.1.3.jar:/home/ravi-muktavarapu/.m2/repository/commons-codec/commons-codec/1.15/commons-codec-1.15.jar:/home/ravi-muktavarapu/.m2/repository/io/cucumber/cucumber-java/7.0.0/cucumber-java-7.0.0.jar:/home/ravi-muktavarapu/.m2/repository/org/apiguardian/apiguardian-api/1.1.2/apiguardian-api-1.1.2.jar:/home/ravi-muktavarapu/.m2/repository/com/github/javafaker/javafaker/1.0.2/javafaker-1.0.2.jar:/home/ravi-muktavarapu/.m2/repository/org/yaml/snakeyaml/1.23/snakeyaml-1.23-android.jar:/home/ravi-muktavarapu/.m2/repository/com/github/mifmif/generex/1.0.2/generex-1.0.2.jar:/home/ravi-muktavarapu/.m2/repository/dk/brics/automaton/automaton/1.11-8/automaton-1.11-8.jar:/home/ravi-muktavarapu/.m2/repository/io/cucumber/cucumber-junit/7.0.0/cucumber-junit-7.0.0.jar:/home/ravi-muktavarapu/.m2/repository/junit/junit/4.13.2/junit-4.13.2.jar:/home/ravi-muktavarapu/.m2/repository/org/hamcrest/hamcrest-core/1.3/hamcrest-core-1.3.jar:/home/ravi-muktavarapu/.m2/repository/io/cucumber/cucumber-core/7.0.0/cucumber-core-7.0.0.jar:/home/ravi-muktavarapu/.m2/repository/io/cucumber/cucumber-gherkin/7.0.0/cucumber-gherkin-7.0.0.jar:/home/ravi-muktavarapu/.m2/repository/io/cucumber/cucumber-gherkin-messages/7.0.0/cucumber-gherkin-messages-7.0.0.jar:/home/ravi-muktavarapu/.m2/repository/io/cucumber/messages/17.1.1/messages-17.1.1.jar:/home/ravi-muktavarapu/.m2/repository/io/cucumber/tag-expressions/4.0.2/tag-expressions-4.0.2.jar:/home/ravi-muktavarapu/.m2/repository/io/cucumber/cucumber-expressions/13.0.1/cucumber-expressions-13.0.1.jar:/home/ravi-muktavarapu/.m2/repository/io/cucumber/datatable/7.0.0/datatable-7.0.0.jar:/home/ravi-muktavarapu/.m2/repository/io/cucumber/cucumber-plugin/7.0.0/cucumber-plugin-7.0.0.jar:/home/ravi-muktavarapu/.m2/repository/io/cucumber/docstring/7.0.0/docstring-7.0.0.jar:/home/ravi-muktavarapu/.m2/repository/io/cucumber/html-formatter/17.0.0/html-formatter-17.0.0.jar:/home/ravi-muktavarapu/.m2/repository/io/cucumber/create-meta/6.0.1/create-meta-6.0.1.jar:/home/ravi-muktavarapu/.m2/repository/net/masterthought/cucumber-reporting/5.6.1/cucumber-reporting-5.6.1.jar:/home/ravi-muktavarapu/.m2/repository/com/fasterxml/jackson/datatype/jackson-datatype-jsr310/2.12.1/jackson-datatype-jsr310-2.12.1.jar:/home/ravi-muktavarapu/.m2/repository/org/apache/velocity/velocity-engine-core/2.3/velocity-engine-core-2.3.jar:/home/ravi-muktavarapu/.m2/repository/commons-collections/commons-collections/3.2.2/commons-collections-3.2.2.jar:/home/ravi-muktavarapu/.m2/repository/joda-time/joda-time/2.10.10/joda-time-2.10.10.jar:/home/ravi-muktavarapu/.m2/repository/commons-io/commons-io/2.7/commons-io-2.7.jar:/home/ravi-muktavarapu/.m2/repository/org/codehaus/plexus/plexus-utils/3.3.0/plexus-utils-3.3.0.jar:/home/ravi-muktavarapu/.m2/repository/org/jsoup/jsoup/1.14.2/jsoup-1.14.2.jar:/home/ravi-muktavarapu/.m2/repository/com/googlecode/owasp-java-html-sanitizer/owasp-java-html-sanitizer/20211018.2/owasp-java-html-sanitizer-20211018.2.jar:/home/ravi-muktavarapu/.m2/repository/commons-configuration/commons-configuration/1.10/commons-configuration-1.10.jar:/home/ravi-muktavarapu/.m2/repository/commons-lang/commons-lang/2.6/commons-lang-2.6.jar:/home/ravi-muktavarapu/.m2/repository/commons-logging/commons-logging/1.1.1/commons-logging-1.1.1.jar:/home/ravi-muktavarapu/.m2/repository/io/cucumber/cucumber-picocontainer/7.0.0/cucumber-picocontainer-7.0.0.jar:/home/ravi-muktavarapu/.m2/repository/org/picocontainer/picocontainer/2.15/picocontainer-2.15.jar:/home/ravi-muktavarapu/.m2/repository/org/apache/commons/commons-text/1.9/commons-text-1.9.jar:/home/ravi-muktavarapu/.m2/repository/com/sendgrid/sendgrid-java/4.9.1/sendgrid-java-4.9.1.jar:/home/ravi-muktavarapu/.m2/repository/com/sendgrid/java-http-client/4.3.9/java-http-client-4.3.9.jar:/home/ravi-muktavarapu/.m2/repository/org/apache/httpcomponents/httpcore/4.4.15/httpcore-4.4.15.jar:/home/ravi-muktavarapu/.m2/repository/com/fasterxml/jackson/core/jackson-core/2.13.0/jackson-core-2.13.0.jar:/home/ravi-muktavarapu/.m2/repository/com/fasterxml/jackson/core/jackson-annotations/2.13.0/jackson-annotations-2.13.0.jar:/home/ravi-muktavarapu/.m2/repository/org/bouncycastle/bcprov-jdk15on/1.70/bcprov-jdk15on-1.70.jar:/home/ravi-muktavarapu/.m2/repository/io/rest-assured/rest-assured/4.4.0/rest-assured-4.4.0.jar:/home/ravi-muktavarapu/.m2/repository/org/codehaus/groovy/groovy/3.0.8/groovy-3.0.8.jar:/home/ravi-muktavarapu/.m2/repository/org/codehaus/groovy/groovy-xml/3.0.8/groovy-xml-3.0.8.jar:/home/ravi-muktavarapu/.m2/repository/org/apache/httpcomponents/httpclient/4.5.13/httpclient-4.5.13.jar:/home/ravi-muktavarapu/.m2/repository/org/apache/httpcomponents/httpmime/4.5.13/httpmime-4.5.13.jar:/home/ravi-muktavarapu/.m2/repository/org/hamcrest/hamcrest/2.1/hamcrest-2.1.jar:/home/ravi-muktavarapu/.m2/repository/org/ccil/cowan/tagsoup/tagsoup/1.2.1/tagsoup-1.2.1.jar:/home/ravi-muktavarapu/.m2/repository/io/rest-assured/json-path/4.4.0/json-path-4.4.0.jar:/home/ravi-muktavarapu/.m2/repository/org/codehaus/groovy/groovy-json/3.0.8/groovy-json-3.0.8.jar:/home/ravi-muktavarapu/.m2/repository/io/rest-assured/rest-assured-common/4.4.0/rest-assured-common-4.4.0.jar:/home/ravi-muktavarapu/.m2/repository/io/rest-assured/xml-path/4.4.0/xml-path-4.4.0.jar:/home/ravi-muktavarapu/.m2/repository/jakarta/xml/bind/jakarta.xml.bind-api/2.3.3/jakarta.xml.bind-api-2.3.3.jar:/home/ravi-muktavarapu/.m2/repository/jakarta/activation/jakarta.activation-api/1.2.2/jakarta.activation-api-1.2.2.jar:/home/ravi-muktavarapu/.m2/repository/com/sun/xml/bind/jaxb-impl/2.3.3/jaxb-impl-2.3.3.jar:/home/ravi-muktavarapu/.m2/repository/org/projectlombok/lombok/1.18.22/lombok-1.18.22.jar:/home/ravi-muktavarapu/.m2/repository/org/slf4j/slf4j-api/2.0.0-alpha1/slf4j-api-2.0.0-alpha1.jar:/home/ravi-muktavarapu/.m2/repository/org/apache/logging/log4j/log4j-core/2.14.1/log4j-core-2.14.1.jar:/home/ravi-muktavarapu/.m2/repository/org/apache/logging/log4j/log4j-api/2.14.1/log4j-api-2.14.1.jar:/home/ravi-muktavarapu/.m2/repository/io/rest-assured/json-schema-validator/4.4.0/json-schema-validator-4.4.0.jar:/home/ravi-muktavarapu/.m2/repository/com/github/java-json-tools/json-schema-validator/2.2.14/json-schema-validator-2.2.14.jar:/home/ravi-muktavarapu/.m2/repository/com/github/java-json-tools/jackson-coreutils-equivalence/1.0/jackson-coreutils-equivalence-1.0.jar:/home/ravi-muktavarapu/.m2/repository/com/github/java-json-tools/jackson-coreutils/2.0/jackson-coreutils-2.0.jar:/home/ravi-muktavarapu/.m2/repository/com/github/java-json-tools/msg-simple/1.2/msg-simple-1.2.jar:/home/ravi-muktavarapu/.m2/repository/com/github/java-json-tools/btf/1.3/btf-1.3.jar:/home/ravi-muktavarapu/.m2/repository/com/github/java-json-tools/json-schema-core/1.2.14/json-schema-core-1.2.14.jar:/home/ravi-muktavarapu/.m2/repository/com/github/java-json-tools/uri-template/0.10/uri-template-0.10.jar:/home/ravi-muktavarapu/.m2/repository/org/mozilla/rhino/1.7.7.2/rhino-1.7.7.2.jar:/home/ravi-muktavarapu/.m2/repository/com/sun/mail/mailapi/1.6.2/mailapi-1.6.2.jar:/home/ravi-muktavarapu/.m2/repository/com/googlecode/libphonenumber/libphonenumber/8.11.1/libphonenumber-8.11.1.jar:/home/ravi-muktavarapu/.m2/repository/net/sf/jopt-simple/jopt-simple/5.0.4/jopt-simple-5.0.4.jar:/home/ravi-muktavarapu/.m2/repository/com/fasterxml/jackson/core/jackson-databind/2.13.0/jackson-databind-2.13.0.jar:/home/ravi-muktavarapu/.m2/repository/mysql/mysql-connector-java/8.0.27/mysql-connector-java-8.0.27.jar:/home/ravi-muktavarapu/.m2/repository/com/google/protobuf/protobuf-java/3.11.4/protobuf-java-3.11.4.jar:/home/ravi-muktavarapu/.m2/repository/com/github/ulisesbocchio/jasypt-spring-boot-starter/2.1.0/jasypt-spring-boot-starter-2.1.0.jar:/home/ravi-muktavarapu/.m2/repository/com/github/ulisesbocchio/jasypt-spring-boot/2.1.1/jasypt-spring-boot-2.1.1.jar:/home/ravi-muktavarapu/.m2/repository/com/melloware/jasypt/1.9.4/jasypt-1.9.4.jar:"/>
    <property name="java.vm.vendor" value="Oracle Corporation"/>
    <property name="sun.arch.data.model" value="64"/>
    <property name="sun.font.fontmanager" value="sun.awt.X11FontManager"/>
    <property name="java.vendor.url" value="https://java.oracle.com/"/>
    <property name="user.timezone" value="Europe/Berlin"/>
    <property name="os.name" value="Linux"/>
    <property name="java.vm.specification.version" value="17"/>
    <property name="sun.java.launcher" value="SUN_STANDARD"/>
    <property name="user.country" value="US"/>
    <property name="sun.boot.library.path" value="/usr/lib/jvm/jdk-17/lib"/>
    <property name="sun.java.command" value="/home/ravi-muktavarapu/IdeaProjects/HorreumRegressionSuite/target/surefire/surefirebooter12361850118226737417.jar /home/ravi-muktavarapu/IdeaProjects/HorreumRegressionSuite/target/surefire 2022-06-09T17-55-47_582-jvmRun1 surefire10008197367730884321tmp surefire_011072403145639273776tmp"/>
    <property name="jdk.debug" value="release"/>
    <property name="surefire.test.class.path" value="/home/ravi-muktavarapu/IdeaProjects/HorreumRegressionSuite/target/test-classes:/home/ravi-muktavarapu/IdeaProjects/HorreumRegressionSuite/target/classes:/home/ravi-muktavarapu/.m2/repository/org/slf4j/slf4j-simple/1.7.36/slf4j-simple-1.7.36.jar:/home/ravi-muktavarapu/.m2/repository/tech/grasshopper/extentreports-cucumber7-adapter/1.1.0/extentreports-cucumber7-adapter-1.1.0.jar:/home/ravi-muktavarapu/.m2/repository/com/aventstack/extentreports/5.0.8/extentreports-5.0.8.jar:/home/ravi-muktavarapu/.m2/repository/io/reactivex/rxjava3/rxjava/3.0.4/rxjava-3.0.4.jar:/home/ravi-muktavarapu/.m2/repository/org/reactivestreams/reactive-streams/1.0.3/reactive-streams-1.0.3.jar:/home/ravi-muktavarapu/.m2/repository/org/freemarker/freemarker/2.3.30/freemarker-2.3.30.jar:/home/ravi-muktavarapu/.m2/repository/tech/grasshopper/extent-pdf-report/1.7.4/extent-pdf-report-1.7.4.jar:/home/ravi-muktavarapu/.m2/repository/tech/grasshopper/cucumber-pdf-report/2.2.4/cucumber-pdf-report-2.2.4.jar:/home/ravi-muktavarapu/.m2/repository/org/apache/pdfbox/pdfbox/2.0.22/pdfbox-2.0.22.jar:/home/ravi-muktavarapu/.m2/repository/org/apache/pdfbox/fontbox/2.0.22/fontbox-2.0.22.jar:/home/ravi-muktavarapu/.m2/repository/org/knowm/xchart/xchart/3.8.0/xchart-3.8.0.jar:/home/ravi-muktavarapu/.m2/repository/de/erichseifert/vectorgraphics2d/VectorGraphics2D/0.13/VectorGraphics2D-0.13.jar:/home/ravi-muktavarapu/.m2/repository/de/rototor/pdfbox/graphics2d/0.30/graphics2d-0.30.jar:/home/ravi-muktavarapu/.m2/repository/com/madgag/animated-gif-lib/1.4/animated-gif-lib-1.4.jar:/home/ravi-muktavarapu/.m2/repository/org/yaml/snakeyaml/1.28/snakeyaml-1.28.jar:/home/ravi-muktavarapu/.m2/repository/tech/grasshopper/table-layout/1.2.0/table-layout-1.2.0.jar:/home/ravi-muktavarapu/.m2/repository/com/aventstack/klov-reporter/5.0.8/klov-reporter-5.0.8.jar:/home/ravi-muktavarapu/.m2/repository/org/mongodb/mongodb-driver/3.6.4/mongodb-driver-3.6.4.jar:/home/ravi-muktavarapu/.m2/repository/org/mongodb/mongodb-driver-core/3.6.4/mongodb-driver-core-3.6.4.jar:/home/ravi-muktavarapu/.m2/repository/org/mongodb/bson/3.6.4/bson-3.6.4.jar:/home/ravi-muktavarapu/.m2/repository/javax/mail/javax.mail-api/1.6.2/javax.mail-api-1.6.2.jar:/home/ravi-muktavarapu/.m2/repository/com/google/guava/guava/31.1-jre/guava-31.1-jre.jar:/home/ravi-muktavarapu/.m2/repository/com/google/guava/failureaccess/1.0.1/failureaccess-1.0.1.jar:/home/ravi-muktavarapu/.m2/repository/com/google/guava/listenablefuture/9999.0-empty-to-avoid-conflict-with-guava/listenablefuture-9999.0-empty-to-avoid-conflict-with-guava.jar:/home/ravi-muktavarapu/.m2/repository/com/google/code/findbugs/jsr305/3.0.2/jsr305-3.0.2.jar:/home/ravi-muktavarapu/.m2/repository/org/checkerframework/checker-qual/3.12.0/checker-qual-3.12.0.jar:/home/ravi-muktavarapu/.m2/repository/com/google/errorprone/error_prone_annotations/2.11.0/error_prone_annotations-2.11.0.jar:/home/ravi-muktavarapu/.m2/repository/com/google/j2objc/j2objc-annotations/1.3/j2objc-annotations-1.3.jar:/home/ravi-muktavarapu/.m2/repository/org/seleniumhq/selenium/selenium-java/4.1.4/selenium-java-4.1.4.jar:/home/ravi-muktavarapu/.m2/repository/org/seleniumhq/selenium/selenium-api/4.1.4/selenium-api-4.1.4.jar:/home/ravi-muktavarapu/.m2/repository/org/seleniumhq/selenium/selenium-chrome-driver/4.1.4/selenium-chrome-driver-4.1.4.jar:/home/ravi-muktavarapu/.m2/repository/com/google/auto/service/auto-service-annotations/1.0.1/auto-service-annotations-1.0.1.jar:/home/ravi-muktavarapu/.m2/repository/com/google/auto/service/auto-service/1.0.1/auto-service-1.0.1.jar:/home/ravi-muktavarapu/.m2/repository/com/google/auto/auto-common/1.2/auto-common-1.2.jar:/home/ravi-muktavarapu/.m2/repository/org/seleniumhq/selenium/selenium-chromium-driver/4.1.4/selenium-chromium-driver-4.1.4.jar:/home/ravi-muktavarapu/.m2/repository/org/seleniumhq/selenium/selenium-json/4.1.4/selenium-json-4.1.4.jar:/home/ravi-muktavarapu/.m2/repository/org/seleniumhq/selenium/selenium-devtools-v100/4.1.4/selenium-devtools-v100-4.1.4.jar:/home/ravi-muktavarapu/.m2/repository/org/seleniumhq/selenium/selenium-devtools-v101/4.1.4/selenium-devtools-v101-4.1.4.jar:/home/ravi-muktavarapu/.m2/repository/org/seleniumhq/selenium/selenium-devtools-v85/4.1.4/selenium-devtools-v85-4.1.4.jar:/home/ravi-muktavarapu/.m2/repository/org/seleniumhq/selenium/selenium-devtools-v99/4.1.4/selenium-devtools-v99-4.1.4.jar:/home/ravi-muktavarapu/.m2/repository/org/seleniumhq/selenium/selenium-edge-driver/4.1.4/selenium-edge-driver-4.1.4.jar:/home/ravi-muktavarapu/.m2/repository/org/seleniumhq/selenium/selenium-firefox-driver/4.1.4/selenium-firefox-driver-4.1.4.jar:/home/ravi-muktavarapu/.m2/repository/org/seleniumhq/selenium/selenium-ie-driver/4.1.4/selenium-ie-driver-4.1.4.jar:/home/ravi-muktavarapu/.m2/repository/org/seleniumhq/selenium/selenium-opera-driver/4.1.4/selenium-opera-driver-4.1.4.jar:/home/ravi-muktavarapu/.m2/repository/org/seleniumhq/selenium/selenium-remote-driver/4.1.4/selenium-remote-driver-4.1.4.jar:/home/ravi-muktavarapu/.m2/repository/com/beust/jcommander/1.82/jcommander-1.82.jar:/home/ravi-muktavarapu/.m2/repository/io/netty/netty-buffer/4.1.76.Final/netty-buffer-4.1.76.Final.jar:/home/ravi-muktavarapu/.m2/repository/io/netty/netty-codec-http/4.1.76.Final/netty-codec-http-4.1.76.Final.jar:/home/ravi-muktavarapu/.m2/repository/io/netty/netty-codec/4.1.76.Final/netty-codec-4.1.76.Final.jar:/home/ravi-muktavarapu/.m2/repository/io/netty/netty-handler/4.1.76.Final/netty-handler-4.1.76.Final.jar:/home/ravi-muktavarapu/.m2/repository/io/netty/netty-common/4.1.76.Final/netty-common-4.1.76.Final.jar:/home/ravi-muktavarapu/.m2/repository/io/netty/netty-transport-classes-epoll/4.1.76.Final/netty-transport-classes-epoll-4.1.76.Final.jar:/home/ravi-muktavarapu/.m2/repository/io/netty/netty-transport-classes-kqueue/4.1.76.Final/netty-transport-classes-kqueue-4.1.76.Final.jar:/home/ravi-muktavarapu/.m2/repository/io/netty/netty-transport-native-epoll/4.1.76.Final/netty-transport-native-epoll-4.1.76.Final.jar:/home/ravi-muktavarapu/.m2/repository/io/netty/netty-transport-native-kqueue/4.1.76.Final/netty-transport-native-kqueue-4.1.76.Final.jar:/home/ravi-muktavarapu/.m2/repository/io/netty/netty-transport-native-unix-common/4.1.76.Final/netty-transport-native-unix-common-4.1.76.Final.jar:/home/ravi-muktavarapu/.m2/repository/io/netty/netty-transport/4.1.76.Final/netty-transport-4.1.76.Final.jar:/home/ravi-muktavarapu/.m2/repository/io/netty/netty-resolver/4.1.76.Final/netty-resolver-4.1.76.Final.jar:/home/ravi-muktavarapu/.m2/repository/io/opentelemetry/opentelemetry-api/1.13.0/opentelemetry-api-1.13.0.jar:/home/ravi-muktavarapu/.m2/repository/io/opentelemetry/opentelemetry-context/1.13.0/opentelemetry-context-1.13.0.jar:/home/ravi-muktavarapu/.m2/repository/io/opentelemetry/opentelemetry-exporter-logging/1.13.0/opentelemetry-exporter-logging-1.13.0.jar:/home/ravi-muktavarapu/.m2/repository/io/opentelemetry/opentelemetry-sdk-metrics/1.13.0-alpha/opentelemetry-sdk-metrics-1.13.0-alpha.jar:/home/ravi-muktavarapu/.m2/repository/io/opentelemetry/opentelemetry-sdk-logs/1.13.0-alpha/opentelemetry-sdk-logs-1.13.0-alpha.jar:/home/ravi-muktavarapu/.m2/repository/io/opentelemetry/opentelemetry-sdk-common/1.13.0/opentelemetry-sdk-common-1.13.0.jar:/home/ravi-muktavarapu/.m2/repository/io/opentelemetry/opentelemetry-sdk-extension-autoconfigure-spi/1.13.0/opentelemetry-sdk-extension-autoconfigure-spi-1.13.0.jar:/home/ravi-muktavarapu/.m2/repository/io/opentelemetry/opentelemetry-sdk-extension-autoconfigure/1.13.0-alpha/opentelemetry-sdk-extension-autoconfigure-1.13.0-alpha.jar:/home/ravi-muktavarapu/.m2/repository/io/opentelemetry/opentelemetry-sdk-trace/1.13.0/opentelemetry-sdk-trace-1.13.0.jar:/home/ravi-muktavarapu/.m2/repository/io/opentelemetry/opentelemetry-sdk/1.13.0/opentelemetry-sdk-1.13.0.jar:/home/ravi-muktavarapu/.m2/repository/io/opentelemetry/opentelemetry-semconv/1.13.0-alpha/opentelemetry-semconv-1.13.0-alpha.jar:/home/ravi-muktavarapu/.m2/repository/io/ous/jtoml/2.0.0/jtoml-2.0.0.jar:/home/ravi-muktavarapu/.m2/repository/net/bytebuddy/byte-buddy/1.12.9/byte-buddy-1.12.9.jar:/home/ravi-muktavarapu/.m2/repository/org/apache/commons/commons-exec/1.3/commons-exec-1.3.jar:/home/ravi-muktavarapu/.m2/repository/org/asynchttpclient/async-http-client/2.12.3/async-http-client-2.12.3.jar:/home/ravi-muktavarapu/.m2/repository/org/asynchttpclient/async-http-client-netty-utils/2.12.3/async-http-client-netty-utils-2.12.3.jar:/home/ravi-muktavarapu/.m2/repository/io/netty/netty-codec-socks/4.1.60.Final/netty-codec-socks-4.1.60.Final.jar:/home/ravi-muktavarapu/.m2/repository/io/netty/netty-handler-proxy/4.1.60.Final/netty-handler-proxy-4.1.60.Final.jar:/home/ravi-muktavarapu/.m2/repository/io/netty/netty-transport-native-epoll/4.1.60.Final/netty-transport-native-epoll-4.1.60.Final-linux-x86_64.jar:/home/ravi-muktavarapu/.m2/repository/io/netty/netty-transport-native-kqueue/4.1.60.Final/netty-transport-native-kqueue-4.1.60.Final-osx-x86_64.jar:/home/ravi-muktavarapu/.m2/repository/com/typesafe/netty/netty-reactive-streams/2.0.4/netty-reactive-streams-2.0.4.jar:/home/ravi-muktavarapu/.m2/repository/com/sun/activation/jakarta.activation/1.2.2/jakarta.activation-1.2.2.jar:/home/ravi-muktavarapu/.m2/repository/org/seleniumhq/selenium/selenium-http/4.1.4/selenium-http-4.1.4.jar:/home/ravi-muktavarapu/.m2/repository/dev/failsafe/failsafe/3.2.3/failsafe-3.2.3.jar:/home/ravi-muktavarapu/.m2/repository/org/seleniumhq/selenium/selenium-safari-driver/4.1.4/selenium-safari-driver-4.1.4.jar:/home/ravi-muktavarapu/.m2/repository/org/seleniumhq/selenium/selenium-support/4.1.4/selenium-support-4.1.4.jar:/home/ravi-muktavarapu/.m2/repository/io/github/bonigarcia/webdrivermanager/5.1.1/webdrivermanager-5.1.1.jar:/home/ravi-muktavarapu/.m2/repository/com/google/code/gson/gson/2.9.0/gson-2.9.0.jar:/home/ravi-muktavarapu/.m2/repository/com/github/docker-java/docker-java/3.2.13/docker-java-3.2.13.jar:/home/ravi-muktavarapu/.m2/repository/com/github/docker-java/docker-java-core/3.2.13/docker-java-core-3.2.13.jar:/home/ravi-muktavarapu/.m2/repository/com/github/docker-java/docker-java-api/3.2.13/docker-java-api-3.2.13.jar:/home/ravi-muktavarapu/.m2/repository/org/apache/commons/commons-compress/1.21/commons-compress-1.21.jar:/home/ravi-muktavarapu/.m2/repository/org/bouncycastle/bcpkix-jdk15on/1.64/bcpkix-jdk15on-1.64.jar:/home/ravi-muktavarapu/.m2/repository/org/slf4j/jcl-over-slf4j/1.7.30/jcl-over-slf4j-1.7.30.jar:/home/ravi-muktavarapu/.m2/repository/com/github/docker-java/docker-java-transport-httpclient5/3.2.13/docker-java-transport-httpclient5-3.2.13.jar:/home/ravi-muktavarapu/.m2/repository/com/github/docker-java/docker-java-transport/3.2.13/docker-java-transport-3.2.13.jar:/home/ravi-muktavarapu/.m2/repository/net/java/dev/jna/jna/5.8.0/jna-5.8.0.jar:/home/ravi-muktavarapu/.m2/repository/org/brotli/dec/0.1.2/dec-0.1.2.jar:/home/ravi-muktavarapu/.m2/repository/org/apache/commons/commons-lang3/3.12.0/commons-lang3-3.12.0.jar:/home/ravi-muktavarapu/.m2/repository/org/apache/httpcomponents/client5/httpclient5/5.1.3/httpclient5-5.1.3.jar:/home/ravi-muktavarapu/.m2/repository/org/apache/httpcomponents/core5/httpcore5/5.1.3/httpcore5-5.1.3.jar:/home/ravi-muktavarapu/.m2/repository/org/apache/httpcomponents/core5/httpcore5-h2/5.1.3/httpcore5-h2-5.1.3.jar:/home/ravi-muktavarapu/.m2/repository/commons-codec/commons-codec/1.15/commons-codec-1.15.jar:/home/ravi-muktavarapu/.m2/repository/io/cucumber/cucumber-java/7.0.0/cucumber-java-7.0.0.jar:/home/ravi-muktavarapu/.m2/repository/org/apiguardian/apiguardian-api/1.1.2/apiguardian-api-1.1.2.jar:/home/ravi-muktavarapu/.m2/repository/com/github/javafaker/javafaker/1.0.2/javafaker-1.0.2.jar:/home/ravi-muktavarapu/.m2/repository/org/yaml/snakeyaml/1.23/snakeyaml-1.23-android.jar:/home/ravi-muktavarapu/.m2/repository/com/github/mifmif/generex/1.0.2/generex-1.0.2.jar:/home/ravi-muktavarapu/.m2/repository/dk/brics/automaton/automaton/1.11-8/automaton-1.11-8.jar:/home/ravi-muktavarapu/.m2/repository/io/cucumber/cucumber-junit/7.0.0/cucumber-junit-7.0.0.jar:/home/ravi-muktavarapu/.m2/repository/junit/junit/4.13.2/junit-4.13.2.jar:/home/ravi-muktavarapu/.m2/repository/org/hamcrest/hamcrest-core/1.3/hamcrest-core-1.3.jar:/home/ravi-muktavarapu/.m2/repository/io/cucumber/cucumber-core/7.0.0/cucumber-core-7.0.0.jar:/home/ravi-muktavarapu/.m2/repository/io/cucumber/cucumber-gherkin/7.0.0/cucumber-gherkin-7.0.0.jar:/home/ravi-muktavarapu/.m2/repository/io/cucumber/cucumber-gherkin-messages/7.0.0/cucumber-gherkin-messages-7.0.0.jar:/home/ravi-muktavarapu/.m2/repository/io/cucumber/messages/17.1.1/messages-17.1.1.jar:/home/ravi-muktavarapu/.m2/repository/io/cucumber/tag-expressions/4.0.2/tag-expressions-4.0.2.jar:/home/ravi-muktavarapu/.m2/repository/io/cucumber/cucumber-expressions/13.0.1/cucumber-expressions-13.0.1.jar:/home/ravi-muktavarapu/.m2/repository/io/cucumber/datatable/7.0.0/datatable-7.0.0.jar:/home/ravi-muktavarapu/.m2/repository/io/cucumber/cucumber-plugin/7.0.0/cucumber-plugin-7.0.0.jar:/home/ravi-muktavarapu/.m2/repository/io/cucumber/docstring/7.0.0/docstring-7.0.0.jar:/home/ravi-muktavarapu/.m2/repository/io/cucumber/html-formatter/17.0.0/html-formatter-17.0.0.jar:/home/ravi-muktavarapu/.m2/repository/io/cucumber/create-meta/6.0.1/create-meta-6.0.1.jar:/home/ravi-muktavarapu/.m2/repository/net/masterthought/cucumber-reporting/5.6.1/cucumber-reporting-5.6.1.jar:/home/ravi-muktavarapu/.m2/repository/com/fasterxml/jackson/datatype/jackson-datatype-jsr310/2.12.1/jackson-datatype-jsr310-2.12.1.jar:/home/ravi-muktavarapu/.m2/repository/org/apache/velocity/velocity-engine-core/2.3/velocity-engine-core-2.3.jar:/home/ravi-muktavarapu/.m2/repository/commons-collections/commons-collections/3.2.2/commons-collections-3.2.2.jar:/home/ravi-muktavarapu/.m2/repository/joda-time/joda-time/2.10.10/joda-time-2.10.10.jar:/home/ravi-muktavarapu/.m2/repository/commons-io/commons-io/2.7/commons-io-2.7.jar:/home/ravi-muktavarapu/.m2/repository/org/codehaus/plexus/plexus-utils/3.3.0/plexus-utils-3.3.0.jar:/home/ravi-muktavarapu/.m2/repository/org/jsoup/jsoup/1.14.2/jsoup-1.14.2.jar:/home/ravi-muktavarapu/.m2/repository/com/googlecode/owasp-java-html-sanitizer/owasp-java-html-sanitizer/20211018.2/owasp-java-html-sanitizer-20211018.2.jar:/home/ravi-muktavarapu/.m2/repository/commons-configuration/commons-configuration/1.10/commons-configuration-1.10.jar:/home/ravi-muktavarapu/.m2/repository/commons-lang/commons-lang/2.6/commons-lang-2.6.jar:/home/ravi-muktavarapu/.m2/repository/commons-logging/commons-logging/1.1.1/commons-logging-1.1.1.jar:/home/ravi-muktavarapu/.m2/repository/io/cucumber/cucumber-picocontainer/7.0.0/cucumber-picocontainer-7.0.0.jar:/home/ravi-muktavarapu/.m2/repository/org/picocontainer/picocontainer/2.15/picocontainer-2.15.jar:/home/ravi-muktavarapu/.m2/repository/org/apache/commons/commons-text/1.9/commons-text-1.9.jar:/home/ravi-muktavarapu/.m2/repository/com/sendgrid/sendgrid-java/4.9.1/sendgrid-java-4.9.1.jar:/home/ravi-muktavarapu/.m2/repository/com/sendgrid/java-http-client/4.3.9/java-http-client-4.3.9.jar:/home/ravi-muktavarapu/.m2/repository/org/apache/httpcomponents/httpcore/4.4.15/httpcore-4.4.15.jar:/home/ravi-muktavarapu/.m2/repository/com/fasterxml/jackson/core/jackson-core/2.13.0/jackson-core-2.13.0.jar:/home/ravi-muktavarapu/.m2/repository/com/fasterxml/jackson/core/jackson-annotations/2.13.0/jackson-annotations-2.13.0.jar:/home/ravi-muktavarapu/.m2/repository/org/bouncycastle/bcprov-jdk15on/1.70/bcprov-jdk15on-1.70.jar:/home/ravi-muktavarapu/.m2/repository/io/rest-assured/rest-assured/4.4.0/rest-assured-4.4.0.jar:/home/ravi-muktavarapu/.m2/repository/org/codehaus/groovy/groovy/3.0.8/groovy-3.0.8.jar:/home/ravi-muktavarapu/.m2/repository/org/codehaus/groovy/groovy-xml/3.0.8/groovy-xml-3.0.8.jar:/home/ravi-muktavarapu/.m2/repository/org/apache/httpcomponents/httpclient/4.5.13/httpclient-4.5.13.jar:/home/ravi-muktavarapu/.m2/repository/org/apache/httpcomponents/httpmime/4.5.13/httpmime-4.5.13.jar:/home/ravi-muktavarapu/.m2/repository/org/hamcrest/hamcrest/2.1/hamcrest-2.1.jar:/home/ravi-muktavarapu/.m2/repository/org/ccil/cowan/tagsoup/tagsoup/1.2.1/tagsoup-1.2.1.jar:/home/ravi-muktavarapu/.m2/repository/io/rest-assured/json-path/4.4.0/json-path-4.4.0.jar:/home/ravi-muktavarapu/.m2/repository/org/codehaus/groovy/groovy-json/3.0.8/groovy-json-3.0.8.jar:/home/ravi-muktavarapu/.m2/repository/io/rest-assured/rest-assured-common/4.4.0/rest-assured-common-4.4.0.jar:/home/ravi-muktavarapu/.m2/repository/io/rest-assured/xml-path/4.4.0/xml-path-4.4.0.jar:/home/ravi-muktavarapu/.m2/repository/jakarta/xml/bind/jakarta.xml.bind-api/2.3.3/jakarta.xml.bind-api-2.3.3.jar:/home/ravi-muktavarapu/.m2/repository/jakarta/activation/jakarta.activation-api/1.2.2/jakarta.activation-api-1.2.2.jar:/home/ravi-muktavarapu/.m2/repository/com/sun/xml/bind/jaxb-impl/2.3.3/jaxb-impl-2.3.3.jar:/home/ravi-muktavarapu/.m2/repository/org/projectlombok/lombok/1.18.22/lombok-1.18.22.jar:/home/ravi-muktavarapu/.m2/repository/org/slf4j/slf4j-api/2.0.0-alpha1/slf4j-api-2.0.0-alpha1.jar:/home/ravi-muktavarapu/.m2/repository/org/apache/logging/log4j/log4j-core/2.14.1/log4j-core-2.14.1.jar:/home/ravi-muktavarapu/.m2/repository/org/apache/logging/log4j/log4j-api/2.14.1/log4j-api-2.14.1.jar:/home/ravi-muktavarapu/.m2/repository/io/rest-assured/json-schema-validator/4.4.0/json-schema-validator-4.4.0.jar:/home/ravi-muktavarapu/.m2/repository/com/github/java-json-tools/json-schema-validator/2.2.14/json-schema-validator-2.2.14.jar:/home/ravi-muktavarapu/.m2/repository/com/github/java-json-tools/jackson-coreutils-equivalence/1.0/jackson-coreutils-equivalence-1.0.jar:/home/ravi-muktavarapu/.m2/repository/com/github/java-json-tools/jackson-coreutils/2.0/jackson-coreutils-2.0.jar:/home/ravi-muktavarapu/.m2/repository/com/github/java-json-tools/msg-simple/1.2/msg-simple-1.2.jar:/home/ravi-muktavarapu/.m2/repository/com/github/java-json-tools/btf/1.3/btf-1.3.jar:/home/ravi-muktavarapu/.m2/repository/com/github/java-json-tools/json-schema-core/1.2.14/json-schema-core-1.2.14.jar:/home/ravi-muktavarapu/.m2/repository/com/github/java-json-tools/uri-template/0.10/uri-template-0.10.jar:/home/ravi-muktavarapu/.m2/repository/org/mozilla/rhino/1.7.7.2/rhino-1.7.7.2.jar:/home/ravi-muktavarapu/.m2/repository/com/sun/mail/mailapi/1.6.2/mailapi-1.6.2.jar:/home/ravi-muktavarapu/.m2/repository/com/googlecode/libphonenumber/libphonenumber/8.11.1/libphonenumber-8.11.1.jar:/home/ravi-muktavarapu/.m2/repository/net/sf/jopt-simple/jopt-simple/5.0.4/jopt-simple-5.0.4.jar:/home/ravi-muktavarapu/.m2/repository/com/fasterxml/jackson/core/jackson-databind/2.13.0/jackson-databind-2.13.0.jar:/home/ravi-muktavarapu/.m2/repository/mysql/mysql-connector-java/8.0.27/mysql-connector-java-8.0.27.jar:/home/ravi-muktavarapu/.m2/repository/com/google/protobuf/protobuf-java/3.11.4/protobuf-java-3.11.4.jar:/home/ravi-muktavarapu/.m2/repository/com/github/ulisesbocchio/jasypt-spring-boot-starter/2.1.0/jasypt-spring-boot-starter-2.1.0.jar:/home/ravi-muktavarapu/.m2/repository/com/github/ulisesbocchio/jasypt-spring-boot/2.1.1/jasypt-spring-boot-2.1.1.jar:/home/ravi-muktavarapu/.m2/repository/com/melloware/jasypt/1.9.4/jasypt-1.9.4.jar:"/>
    <property name="sun.cpu.endian" value="little"/>
    <property name="user.home" value="/home/ravi-muktavarapu"/>
    <property name="user.language" value="en"/>
    <property name="java.specification.vendor" value="Oracle Corporation"/>
    <property name="java.version.date" value="2022-01-18"/>
    <property name="java.home" value="/usr/lib/jvm/jdk-17"/>
    <property name="file.separator" value="/"/>
    <property name="basedir" value="/home/ravi-muktavarapu/IdeaProjects/HorreumRegressionSuite"/>
    <property name="java.vm.compressedOopsMode" value="Zero based"/>
    <property name="line.separator" value="&#10;"/>
    <property name="java.specification.name" value="Java Platform API Specification"/>
    <property name="java.vm.specification.vendor" value="Oracle Corporation"/>
    <property name="extent.reporter.spark.start" value="true"/>
    <property name="surefire.real.class.path" value="/home/ravi-muktavarapu/IdeaProjects/HorreumRegressionSuite/target/surefire/surefirebooter12361850118226737417.jar"/>
    <property name="sun.management.compiler" value="HotSpot 64-Bit Tiered Compilers"/>
    <property name="java.runtime.version" value="17.0.2+8-LTS-86"/>
    <property name="user.name" value="ravi-muktavarapu"/>
    <property name="path.separator" value=":"/>
    <property name="os.version" value="5.13.0-44-generic"/>
    <property name="extent.reporter.spark.out" value="target/SparkReport/Spark.html"/>
    <property name="java.runtime.name" value="Java(TM) SE Runtime Environment"/>
    <property name="file.encoding" value="UTF-8"/>
    <property name="java.vm.name" value="Java HotSpot(TM) 64-Bit Server VM"/>
    <property name="localRepository" value="/home/ravi-muktavarapu/.m2/repository"/>
    <property name="java.vendor.url.bug" value="https://bugreport.java.com/bugreport/"/>
    <property name="java.io.tmpdir" value="/tmp"/>
    <property name="java.version" value="17.0.2"/>
    <property name="user.dir" value="/home/ravi-muktavarapu/IdeaProjects/HorreumRegressionSuite"/>
    <property name="os.arch" value="amd64"/>
    <property name="java.vm.specification.name" value="Java Virtual Machine Specification"/>
    <property name="native.encoding" value="UTF-8"/>
    <property name="java.library.path" value="/usr/java/packages/lib:/usr/lib64:/lib64:/lib:/usr/lib"/>
    <property name="java.vm.info" value="mixed mode, sharing"/>
    <property name="java.vendor" value="Oracle Corporation"/>
    <property name="java.vm.version" value="17.0.2+8-LTS-86"/>
    <property name="sun.io.unicode.encoding" value="UnicodeLittle"/>
    <property name="java.class.version" value="61.0"/>
  </properties>
  <testcase name="001 &gt;&gt; Check whether Media Logos are present" classname="Media Logos Module -- These test cases verifies the frontend features on Horreum." time="7.255">
    <system-out><![CDATA[Jun 09, 2022 5:56:14 PM tech.grasshopper.pdf.PDFCucumberReport collectReportConfiguration
INFO: PDF report configuration YAML file not found. Using default settings.

┌──────────────────────────────────────────────────────────────────────────┐
│ View your Cucumber Report at:                                            │
│ https://reports.cucumber.io/reports/5f00729b-8bd7-4510-a557-1db665a1ea40 │
│                                                                          │
│ This report will self-destruct in 24h.                                   │
│ Keep reports forever: https://reports.cucumber.io/profile                │
└──────────────────────────────────────────────────────────────────────────┘

Scenario: 001 >> Check whether Media Logos are present # src/test/resources/features/MediaLogosModuleTest.feature:9
  Given Navigate to Horreum Test server                # com.testproject.stepDefs.HorreumStepDef.navigate_to_horreum_test_server()
  Then User enters valid "<username>" and "<password>" # com.testproject.stepDefs.HorreumStepDef.user_enters_valid_and(java.lang.String,java.lang.String)
  And User clicks on Login button                      # com.testproject.stepDefs.HorreumStepDef.user_clicks_on_login_button()
  When User clicks on Media Logos Module               # com.testproject.stepDefs.HorreumStepDef.user_clicks_on_media_logos_module()
  Then User should observe Media Logos in the Module   # com.testproject.stepDefs.HorreumStepDef.user_should_observe_media_logos_in_the_module()
]]></system-out>
    <system-err><![CDATA[SLF4J: No SLF4J providers were found.
SLF4J: Defaulting to no-operation (NOP) logger implementation
SLF4J: See http://www.slf4j.org/codes.html#noProviders for further details.
SLF4J: Class path contains SLF4J bindings targeting slf4j-api versions prior to 1.8.
SLF4J: Ignoring binding found at [jar:file:/home/ravi-muktavarapu/.m2/repository/org/slf4j/slf4j-simple/1.7.36/slf4j-simple-1.7.36.jar!/org/slf4j/impl/StaticLoggerBinder.class]
SLF4J: See http://www.slf4j.org/codes.html#ignoredBindings for an explanation.
Starting ChromeDriver 102.0.5005.61 (0e59bcc00cc4985ce39ad31c150065f159d95ad3-refs/branch-heads/5005@{#819}) on port 39053
Only local connections are allowed.
Please see https://chromedriver.chromium.org/security-considerations for suggestions on keeping ChromeDriver safe.
ChromeDriver was started successfully.
Jun 09, 2022 5:55:50 PM org.openqa.selenium.remote.ProtocolHandshake createSession
INFO: Detected dialect: W3C
Jun 09, 2022 5:55:50 PM org.openqa.selenium.devtools.CdpVersionFinder findNearestMatch
WARNING: Unable to find an exact match for CDP version 102, so returning the closest version found: 101
Jun 09, 2022 5:55:50 PM org.openqa.selenium.devtools.CdpVersionFinder findNearestMatch
INFO: Found CDP implementation for version 102 of 101
]]></system-err>
  </testcase>
  <testcase name="002 &gt;&gt; Reload Images option should be functional" classname="Media Logos Module -- These test cases verifies the frontend features on Horreum." time="7.821">
    <system-out><![CDATA[
Scenario: 002 >> Reload Images option should be functional # src/test/resources/features/MediaLogosModuleTest.feature:12
  Given Navigate to Horreum Test server                    # com.testproject.stepDefs.HorreumStepDef.navigate_to_horreum_test_server()
  Then User enters valid "<username>" and "<password>"     # com.testproject.stepDefs.HorreumStepDef.user_enters_valid_and(java.lang.String,java.lang.String)
  And User clicks on Login button                          # com.testproject.stepDefs.HorreumStepDef.user_clicks_on_login_button()
  When User clicks on Media Logos Module                   # com.testproject.stepDefs.HorreumStepDef.user_clicks_on_media_logos_module()
  When User clicks on Reload Images option                 # com.testproject.stepDefs.HorreumStepDef.user_clicks_on_reload_images_option()
  Then Logos should be reloaded properly                   # com.testproject.stepDefs.HorreumStepDef.logos_should_be_reloaded_properly()
]]></system-out>
    <system-err><![CDATA[Starting ChromeDriver 102.0.5005.61 (0e59bcc00cc4985ce39ad31c150065f159d95ad3-refs/branch-heads/5005@{#819}) on port 51569
Only local connections are allowed.
Please see https://chromedriver.chromium.org/security-considerations for suggestions on keeping ChromeDriver safe.
ChromeDriver was started successfully.
Jun 09, 2022 5:55:56 PM org.openqa.selenium.remote.ProtocolHandshake createSession
INFO: Detected dialect: W3C
Jun 09, 2022 5:55:56 PM org.openqa.selenium.devtools.CdpVersionFinder findNearestMatch
WARNING: Unable to find an exact match for CDP version 102, so returning the closest version found: 101
Jun 09, 2022 5:55:56 PM org.openqa.selenium.devtools.CdpVersionFinder findNearestMatch
INFO: Found CDP implementation for version 102 of 101
]]></system-err>
  </testcase>
  <testcase name="003 &gt;&gt; Check the sorting option to Desc" classname="Media Logos Module -- These test cases verifies the frontend features on Horreum." time="2.661">
    <system-out><![CDATA[
Scenario: 003 >> Check the sorting option to Desc      # src/test/resources/features/MediaLogosModuleTest.feature:16
  Given Navigate to Horreum Test server                # com.testproject.stepDefs.HorreumStepDef.navigate_to_horreum_test_server()
  Then User enters valid "<username>" and "<password>" # com.testproject.stepDefs.HorreumStepDef.user_enters_valid_and(java.lang.String,java.lang.String)
  And User clicks on Login button                      # com.testproject.stepDefs.HorreumStepDef.user_clicks_on_login_button()
  When User clicks on Media Logos Module               # com.testproject.stepDefs.HorreumStepDef.user_clicks_on_media_logos_module()
  When User clicks on Sorting Drop down                # com.testproject.stepDefs.HorreumStepDef.user_clicks_on_sorting_drop_down()
  Then User changes the option to Desc                 # com.testproject.stepDefs.HorreumStepDef.user_changes_the_option_to_desc()
]]></system-out>
    <system-err><![CDATA[Starting ChromeDriver 102.0.5005.61 (0e59bcc00cc4985ce39ad31c150065f159d95ad3-refs/branch-heads/5005@{#819}) on port 60766
Only local connections are allowed.
Please see https://chromedriver.chromium.org/security-considerations for suggestions on keeping ChromeDriver safe.
ChromeDriver was started successfully.
Jun 09, 2022 5:56:04 PM org.openqa.selenium.remote.ProtocolHandshake createSession
INFO: Detected dialect: W3C
Jun 09, 2022 5:56:04 PM org.openqa.selenium.devtools.CdpVersionFinder findNearestMatch
WARNING: Unable to find an exact match for CDP version 102, so returning the closest version found: 101
Jun 09, 2022 5:56:04 PM org.openqa.selenium.devtools.CdpVersionFinder findNearestMatch
INFO: Found CDP implementation for version 102 of 101
]]></system-err>
  </testcase>
  <testcase name="004 &gt;&gt; User should navigate to last page and front page" classname="Media Logos Module -- These test cases verifies the frontend features on Horreum." time="7.972">
    <system-out><![CDATA[
Scenario: 004 >> User should navigate to last page and front page # src/test/resources/features/MediaLogosModuleTest.feature:20
  Given Navigate to Horreum Test server                           # com.testproject.stepDefs.HorreumStepDef.navigate_to_horreum_test_server()
  Then User enters valid "<username>" and "<password>"            # com.testproject.stepDefs.HorreumStepDef.user_enters_valid_and(java.lang.String,java.lang.String)
  And User clicks on Login button                                 # com.testproject.stepDefs.HorreumStepDef.user_clicks_on_login_button()
  When User clicks on Media Logos Module                          # com.testproject.stepDefs.HorreumStepDef.user_clicks_on_media_logos_module()
  Then User clicks on Last page option                            # com.testproject.stepDefs.HorreumStepDef.user_clicks_on_last_page_option()
  And User clicks on First page option                            # com.testproject.stepDefs.HorreumStepDef.user_clicks_on_first_page_option()
  And User should click Refresh option                            # com.testproject.stepDefs.HorreumStepDef.user_should_click_refresh_option()
]]></system-out>
    <system-err><![CDATA[Starting ChromeDriver 102.0.5005.61 (0e59bcc00cc4985ce39ad31c150065f159d95ad3-refs/branch-heads/5005@{#819}) on port 41147
Only local connections are allowed.
Please see https://chromedriver.chromium.org/security-considerations for suggestions on keeping ChromeDriver safe.
ChromeDriver was started successfully.
Jun 09, 2022 5:56:06 PM org.openqa.selenium.remote.ProtocolHandshake createSession
INFO: Detected dialect: W3C
Jun 09, 2022 5:56:06 PM org.openqa.selenium.devtools.CdpVersionFinder findNearestMatch
WARNING: Unable to find an exact match for CDP version 102, so returning the closest version found: 101
Jun 09, 2022 5:56:06 PM org.openqa.selenium.devtools.CdpVersionFinder findNearestMatch
INFO: Found CDP implementation for version 102 of 101
]]></system-err>
  </testcase>
</testsuite>